Scrapy 1.0.3 - no active project

Unknown command: crawl

Use "scrapy" to see available commands
[u'2hr 44min'] [u'9hr 8min']
[u'2hr 38min'] [u'9hr 2min']
[u'2hr 37min'] [u'9hr 1min']
[u'2hr 36min'] [u'9hr 0min']
[u'2hr 35min'] [u'8hr 59min']
[u'2hr 34min'] [u'8hr 58min']
[u'2hr 33min'] [u'8hr 57min']
[u'2hr 32min'] [u'8hr 56min']
[u'2hr 31min'] [u'8hr 55min']
[u'2hr 30min'] [u'8hr 54min']
[u'2hr 29min'] [u'8hr 53min']
[u'2hr 28min'] [u'8hr 52min']
[u'2hr 27min'] [u'8hr 51min']
[u'2hr 26min'] [u'8hr 50min']
[u'2hr 25min'] [u'8hr 49min']
[u'2hr 24min'] [u'8hr 48min']
[u'2hr 23min'] [u'8hr 47min']
[u'2hr 22min'] [u'8hr 46min']
[u'2hr 21min'] [u'8hr 45min']
[u'2hr 20min'] [u'8hr 44min']
[u'2hr 19min'] [u'8hr 43min']
[u'2hr 18min'] [u'8hr 42min']
[u'2hr 17min'] [u'8hr 41min']
[u'2hr 16min'] [u'8hr 40min']
[u'2hr 15min'] [u'8hr 39min']
[u'2hr 14min'] [u'8hr 38min']
[u'2hr 13min'] [u'8hr 37min']
[u'2hr 12min'] [u'8hr 36min']
[u'2hr 11min'] [u'8hr 35min']
[u'2hr 10min'] [u'8hr 34min']
[u'2hr 9min'] [u'8hr 33min']
[u'2hr 8min'] [u'8hr 32min']
[u'2hr 7min'] [u'8hr 31min']
[u'2hr 6min'] [u'8hr 30min']
[u'2hr 5min'] [u'8hr 29min']
[u'2hr 4min'] [u'8hr 28min']
[u'2hr 3min'] [u'8hr 27min']
[u'2hr 2min'] [u'8hr 26min']
[u'2hr 1min'] [u'8hr 25min']
[u'2hr 0min'] [u'8hr 24min']
[u'1hr 59min'] [u'8hr 23min']
[u'1hr 58min'] [u'8hr 22min']
[u'1hr 57min'] [u'8hr 21min']
[u'1hr 56min'] [u'8hr 20min']
[u'1hr 55min'] [u'8hr 19min']
[u'1hr 54min'] [u'8hr 18min']
[u'1hr 53min'] [u'8hr 17min']
[u'1hr 52min'] [u'8hr 16min']
[u'1hr 51min'] [u'8hr 15min']
[u'1hr 50min'] [u'8hr 14min']
[u'1hr 49min'] [u'8hr 13min']
[u'1hr 48min'] [u'8hr 12min']
[u'1hr 47min'] [u'8hr 11min']
[u'1hr 46min'] [u'8hr 10min']
[u'1hr 45min'] [u'8hr 9min']
[u'1hr 44min'] [u'8hr 8min']
[u'1hr 43min'] [u'8hr 7min']
[u'1hr 42min'] [u'8hr 6min']
[u'1hr 41min'] [u'8hr 5min']
[u'1hr 40min'] [u'8hr 4min']
[u'1hr 39min'] [u'8hr 3min']
[u'1hr 38min'] [u'8hr 2min']
[u'1hr 37min'] [u'8hr 1min']
[u'1hr 36min'] [u'8hr 0min']
[u'1hr 35min'] [u'7hr 59min']
[u'1hr 34min'] [u'7hr 58min']
[u'1hr 33min'] [u'7hr 57min']
[u'1hr 32min'] [u'7hr 56min']
[u'1hr 31min'] [u'7hr 55min']
[u'1hr 30min'] [u'7hr 54min']
[u'1hr 29min'] [u'7hr 53min']
[u'1hr 28min'] [u'7hr 52min']
[u'1hr 27min'] [u'7hr 51min']
[u'1hr 26min'] [u'7hr 50min']
[u'1hr 25min'] [u'7hr 49min']
[u'1hr 24min'] [u'7hr 48min']
[u'1hr 23min'] [u'7hr 47min']
[u'1hr 22min'] [u'7hr 46min']
[u'1hr 21min'] [u'7hr 45min']
[u'1hr 20min'] [u'7hr 44min']
[u'1hr 19min'] [u'7hr 43min']
[u'1hr 18min'] [u'7hr 42min']
[u'1hr 17min'] [u'7hr 41min']
[u'1hr 16min'] [u'7hr 40min']
[u'1hr 15min'] [u'7hr 39min']
[u'1hr 14min'] [u'7hr 38min']
[u'1hr 13min'] [u'7hr 37min']
[u'1hr 12min'] [u'7hr 36min']
[u'1hr 11min'] [u'7hr 35min']
[u'1hr 10min'] [u'7hr 34min']
[u'1hr 9min'] [u'7hr 33min']
[u'1hr 8min'] [u'7hr 32min']
[u'1hr 7min'] [u'7hr 31min']
[u'1hr 6min'] [u'7hr 30min']
[u'1hr 5min'] [u'7hr 29min']
[u'1hr 4min'] [u'7hr 28min']
[u'1hr 3min'] [u'7hr 27min']
[u'1hr 2min'] [u'7hr 26min']
[u'1hr 1min'] [u'7hr 25min']
[u'1hr 0min'] [u'7hr 24min']
[u'59min'] [u'7hr 23min']
[u'58min'] [u'7hr 22min']
[u'57min'] [u'7hr 21min']
[u'56min'] [u'7hr 20min']
[u'55min'] [u'7hr 19min']
[u'54min'] [u'7hr 18min']
[u'53min'] [u'7hr 17min']
[u'52min'] [u'7hr 16min']
[u'51min'] [u'7hr 15min']
[u'50min'] [u'7hr 14min']
[u'49min'] [u'7hr 13min']
[u'48min'] [u'7hr 12min']
[u'47min'] [u'7hr 11min']
[u'46min'] [u'7hr 10min']
[u'45min'] [u'7hr 9min']
[u'44min'] [u'7hr 8min']
[u'43min'] [u'7hr 7min']
[u'42min'] [u'7hr 6min']
[u'41min'] [u'7hr 5min']
[u'40min'] [u'7hr 4min']
[u'39min'] [u'7hr 3min']
[u'38min'] [u'7hr 2min']
[u'37min'] [u'7hr 1min']
[u'36min'] [u'7hr 0min']
[u'35min'] [u'6hr 59min']
[u'34min'] [u'6hr 58min']
[u'33min'] [u'6hr 57min']
[u'32min'] [u'6hr 56min']
[u'31min'] [u'6hr 55min']
[u'30min'] [u'6hr 54min']
[u'29min'] [u'6hr 53min']
[u'28min'] [u'6hr 52min']
[u'27min'] [u'6hr 51min']
[u'26min'] [u'6hr 50min']
[u'25min'] [u'6hr 49min']
[u'24min'] [u'6hr 48min']
[u'23min'] [u'6hr 47min']
[u'22min'] [u'6hr 46min']
[u'21min'] [u'6hr 45min']
[u'20min'] [u'6hr 44min']
[u'19min'] [u'6hr 43min']
[u'18min'] [u'6hr 42min']
[u'17min'] [u'6hr 41min']
[u'16min'] [u'6hr 40min']
[u'15min'] [u'6hr 39min']
[u'14min'] [u'6hr 38min']
[u'13min'] [u'6hr 37min']
[u'12min'] [u'6hr 36min']
[u'11min'] [u'6hr 35min']
[u'10min'] [u'6hr 34min']
[u'9min'] [u'6hr 33min']
[u'8min'] [u'6hr 32min']
[u'7min'] [u'6hr 31min']
[u'6min'] [u'6hr 30min']
[u'5min'] [u'6hr 29min']
[u'4min'] [u'6hr 28min']
[u'3min'] [u'6hr 27min']
[u'2min'] [u'6hr 26min']
[u'1min'] [u'6hr 25min']
[u'0min'] [u'6hr 24min']
[u'12hr 14min'] [u'6hr 23min']
[u'12hr 13min'] [u'6hr 22min']
[u'12hr 12min'] [u'6hr 21min']
[u'12hr 11min'] [u'6hr 20min']
[u'12hr 10min'] [u'6hr 19min']
[u'12hr 9min'] [u'6hr 18min']
[u'12hr 8min'] [u'6hr 17min']
[u'12hr 7min'] [u'6hr 16min']
[u'12hr 6min'] [u'6hr 15min']
[u'12hr 5min'] [u'6hr 14min']
[u'12hr 4min'] [u'6hr 13min']
[u'12hr 3min'] [u'6hr 12min']
[u'12hr 2min'] [u'6hr 11min']
[u'12hr 1min'] [u'6hr 10min']
[u'12hr 0min'] [u'6hr 9min']
[u'11hr 59min'] [u'6hr 8min']
[u'11hr 58min'] [u'6hr 7min']
[u'11hr 57min'] [u'6hr 6min']
[u'11hr 56min'] [u'6hr 5min']
[u'11hr 55min'] [u'6hr 4min']
[u'11hr 54min'] [u'6hr 3min']
[u'11hr 53min'] [u'6hr 2min']
[u'11hr 52min'] [u'6hr 1min']
[u'11hr 51min'] [u'6hr 0min']
[u'11hr 50min'] [u'5hr 59min']
[u'11hr 49min'] [u'5hr 58min']
[u'11hr 48min'] [u'5hr 57min']
[u'11hr 47min'] [u'5hr 56min']
[u'11hr 46min'] [u'5hr 55min']
[u'11hr 45min'] [u'5hr 54min']
[u'11hr 44min'] [u'5hr 53min']
[u'11hr 43min'] [u'5hr 52min']
[u'11hr 42min'] [u'5hr 51min']
[u'11hr 41min'] [u'5hr 50min']
[u'11hr 40min'] [u'5hr 49min']
[u'11hr 39min'] [u'5hr 48min']
[u'11hr 38min'] [u'5hr 47min']
[u'11hr 37min'] [u'5hr 46min']
[u'11hr 36min'] [u'5hr 45min']
[u'11hr 35min'] [u'5hr 44min']
[u'11hr 34min'] [u'5hr 43min']
[u'11hr 33min'] [u'5hr 42min']
[u'11hr 32min'] [u'5hr 41min']
[u'11hr 31min'] [u'5hr 40min']
[u'11hr 30min'] [u'5hr 39min']
[u'11hr 29min'] [u'5hr 38min']
[u'11hr 28min'] [u'5hr 37min']
[u'11hr 27min'] [u'5hr 36min']
[u'11hr 26min'] [u'5hr 35min']
[u'11hr 25min'] [u'5hr 34min']
[u'11hr 24min'] [u'5hr 33min']
[u'11hr 23min'] [u'5hr 32min']
[u'11hr 22min'] [u'5hr 31min']
[u'11hr 21min'] [u'5hr 30min']
[u'11hr 20min'] [u'5hr 29min']
[u'11hr 19min'] [u'5hr 28min']
[u'11hr 18min'] [u'5hr 27min']
[u'11hr 17min'] [u'5hr 26min']
[u'11hr 16min'] [u'5hr 25min']
[u'11hr 15min'] [u'5hr 24min']
[u'11hr 14min'] [u'5hr 23min']
[u'11hr 13min'] [u'5hr 22min']
[u'11hr 12min'] [u'5hr 21min']
[u'11hr 11min'] [u'5hr 20min']
[u'11hr 10min'] [u'5hr 19min']
[u'11hr 9min'] [u'5hr 18min']
[u'11hr 8min'] [u'5hr 17min']
[u'11hr 7min'] [u'5hr 16min']
[u'11hr 6min'] [u'5hr 15min']
[u'11hr 5min'] [u'5hr 14min']
[u'11hr 4min'] [u'5hr 13min']
[u'11hr 3min'] [u'5hr 12min']
[u'11hr 2min'] [u'5hr 11min']
[u'11hr 1min'] [u'5hr 10min']
[u'11hr 0min'] [u'5hr 9min']
[u'10hr 59min'] [u'5hr 8min']
[u'10hr 58min'] [u'5hr 7min']
[u'10hr 57min'] [u'5hr 6min']
[u'10hr 56min'] [u'5hr 5min']
[u'10hr 55min'] [u'5hr 4min']
[u'10hr 54min'] [u'5hr 3min']
[u'10hr 53min'] [u'5hr 2min']
[u'10hr 52min'] [u'5hr 1min']
[u'10hr 51min'] [u'5hr 0min']
[u'10hr 50min'] [u'4hr 59min']
[u'10hr 49min'] [u'4hr 58min']
[u'10hr 48min'] [u'4hr 57min']
[u'10hr 47min'] [u'4hr 56min']
[u'10hr 46min'] [u'4hr 55min']
[u'10hr 45min'] [u'4hr 54min']
[u'10hr 44min'] [u'4hr 53min']
[u'10hr 43min'] [u'4hr 52min']
[u'10hr 42min'] [u'4hr 51min']
[u'10hr 41min'] [u'4hr 50min']
[u'10hr 40min'] [u'4hr 49min']
[u'10hr 39min'] [u'4hr 48min']
[u'10hr 38min'] [u'4hr 47min']
[u'10hr 37min'] [u'4hr 46min']
[u'10hr 36min'] [u'4hr 45min']
[u'10hr 35min'] [u'4hr 44min']
[u'10hr 34min'] [u'4hr 43min']
[u'10hr 33min'] [u'4hr 42min']
[u'10hr 32min'] [u'4hr 41min']
[u'10hr 31min'] [u'4hr 40min']
[u'10hr 30min'] [u'4hr 39min']
[u'10hr 29min'] [u'4hr 38min']
[u'10hr 28min'] [u'4hr 37min']
[u'10hr 27min'] [u'4hr 36min']
[u'10hr 26min'] [u'4hr 35min']
[u'10hr 25min'] [u'4hr 34min']
[u'10hr 24min'] [u'4hr 33min']
[u'10hr 23min'] [u'4hr 32min']
[u'10hr 22min'] [u'4hr 31min']
[u'10hr 21min'] [u'4hr 30min']
[u'10hr 20min'] [u'4hr 29min']
[u'10hr 19min'] [u'4hr 28min']
[u'10hr 18min'] [u'4hr 27min']
[u'10hr 17min'] [u'4hr 26min']
[u'10hr 16min'] [u'4hr 25min']
[u'10hr 15min'] [u'4hr 24min']
[u'10hr 14min'] [u'4hr 23min']
[u'10hr 13min'] [u'4hr 22min']
[u'10hr 12min'] [u'4hr 21min']
[u'10hr 11min'] [u'4hr 20min']
[u'10hr 10min'] [u'4hr 19min']
[u'10hr 9min'] [u'4hr 18min']
[u'10hr 8min'] [u'4hr 17min']
[u'10hr 7min'] [u'4hr 16min']
[u'10hr 6min'] [u'4hr 15min']
[u'10hr 5min'] [u'4hr 14min']
[u'10hr 4min'] [u'4hr 13min']
[u'10hr 3min'] [u'4hr 12min']
[u'10hr 2min'] [u'4hr 11min']
[u'10hr 1min'] [u'4hr 10min']
[u'10hr 0min'] [u'4hr 9min']
[u'9hr 59min'] [u'4hr 8min']
[u'9hr 58min'] [u'4hr 7min']
[u'9hr 57min'] [u'4hr 6min']
[u'9hr 56min'] [u'4hr 5min']
[u'9hr 55min'] [u'4hr 4min']
[u'9hr 54min'] [u'4hr 3min']
[u'9hr 53min'] [u'4hr 2min']
[u'9hr 52min'] [u'4hr 1min']
[u'9hr 51min'] [u'4hr 0min']
[u'9hr 50min'] [u'3hr 59min']
[u'9hr 49min'] [u'3hr 58min']
[u'9hr 48min'] [u'3hr 57min']
[u'9hr 47min'] [u'3hr 56min']
[u'9hr 46min'] [u'3hr 55min']
[u'9hr 45min'] [u'3hr 54min']
[u'9hr 44min'] [u'3hr 53min']
[u'9hr 43min'] [u'3hr 52min']
[u'9hr 42min'] [u'3hr 51min']
[u'9hr 41min'] [u'3hr 50min']
[u'9hr 40min'] [u'3hr 49min']
[u'9hr 39min'] [u'3hr 48min']
[u'9hr 38min'] [u'3hr 47min']
[u'9hr 37min'] [u'3hr 46min']
[u'9hr 36min'] [u'3hr 45min']
[u'9hr 35min'] [u'3hr 44min']
[u'9hr 34min'] [u'3hr 43min']
[u'9hr 33min'] [u'3hr 42min']
[u'9hr 32min'] [u'3hr 41min']
[u'9hr 31min'] [u'3hr 40min']
[u'9hr 30min'] [u'3hr 39min']
[u'9hr 29min'] [u'3hr 38min']
[u'9hr 28min'] [u'3hr 37min']
[u'9hr 27min'] [u'3hr 36min']
[u'9hr 26min'] [u'3hr 35min']
[u'9hr 25min'] [u'3hr 34min']
[u'9hr 24min'] [u'3hr 33min']
[u'9hr 23min'] [u'3hr 32min']
[u'9hr 22min'] [u'3hr 31min']
[u'9hr 21min'] [u'3hr 30min']
[u'9hr 20min'] [u'3hr 29min']
[u'9hr 19min'] [u'3hr 28min']
[u'9hr 18min'] [u'3hr 27min']
[u'9hr 17min'] [u'3hr 26min']
[u'9hr 16min'] [u'3hr 25min']
[u'9hr 15min'] [u'3hr 24min']
[u'9hr 14min'] [u'3hr 23min']
[u'9hr 13min'] [u'3hr 22min']
[u'9hr 12min'] [u'3hr 21min']
[u'9hr 11min'] [u'3hr 20min']
[u'9hr 10min'] [u'3hr 19min']
[u'9hr 9min'] [u'3hr 18min']
[u'9hr 8min'] [u'3hr 17min']
[u'9hr 7min'] [u'3hr 16min']
[u'9hr 6min'] [u'3hr 15min']
[u'9hr 5min'] [u'3hr 14min']
[u'9hr 4min'] [u'3hr 13min']
[u'9hr 3min'] [u'3hr 12min']
[u'9hr 2min'] [u'3hr 11min']
[u'9hr 1min'] [u'3hr 10min']
[u'9hr 0min'] [u'3hr 9min']
[u'8hr 59min'] [u'3hr 8min']
[u'8hr 58min'] [u'3hr 7min']
[u'8hr 57min'] [u'3hr 6min']
[u'8hr 56min'] [u'3hr 5min']
[u'8hr 55min'] [u'3hr 4min']
[u'8hr 54min'] [u'3hr 3min']
[u'8hr 53min'] [u'3hr 2min']
[u'8hr 52min'] [u'3hr 1min']
[u'8hr 51min'] [u'3hr 0min']
[u'8hr 50min'] [u'2hr 59min']
[u'8hr 49min'] [u'2hr 58min']
[u'8hr 48min'] [u'2hr 57min']
[u'8hr 47min'] [u'2hr 56min']
[u'8hr 46min'] [u'2hr 55min']
[u'8hr 45min'] [u'2hr 54min']
[u'8hr 44min'] [u'2hr 53min']
[u'8hr 43min'] [u'2hr 52min']
[u'8hr 42min'] [u'2hr 51min']
[u'8hr 41min'] [u'2hr 50min']
[u'8hr 40min'] [u'2hr 49min']
[u'8hr 39min'] [u'2hr 48min']
[u'8hr 38min'] [u'2hr 47min']
[u'8hr 37min'] [u'2hr 46min']
[u'8hr 36min'] [u'2hr 45min']
[u'8hr 35min'] [u'2hr 44min']
[u'8hr 34min'] [u'2hr 43min']
[u'8hr 33min'] [u'2hr 42min']
[u'8hr 32min'] [u'2hr 41min']
[u'8hr 31min'] [u'2hr 40min']
[u'8hr 30min'] [u'2hr 39min']
[u'8hr 29min'] [u'2hr 38min']
[u'8hr 28min'] [u'2hr 37min']
[u'8hr 27min'] [u'2hr 36min']
[u'8hr 26min'] [u'2hr 35min']
[u'8hr 25min'] [u'2hr 34min']
[u'8hr 24min'] [u'2hr 33min']
[u'8hr 23min'] [u'2hr 32min']
[u'8hr 22min'] [u'2hr 31min']
[u'8hr 21min'] [u'2hr 30min']
[u'8hr 20min'] [u'2hr 29min']
[u'8hr 19min'] [u'2hr 28min']
[u'8hr 18min'] [u'2hr 27min']
[u'8hr 17min'] [u'2hr 26min']
[u'8hr 16min'] [u'2hr 25min']
[u'8hr 15min'] [u'2hr 24min']
[u'8hr 14min'] [u'2hr 23min']
[u'8hr 13min'] [u'2hr 22min']
[u'8hr 12min'] [u'2hr 21min']
[u'8hr 11min'] [u'2hr 20min']
[u'8hr 10min'] [u'2hr 19min']
[u'8hr 9min'] [u'2hr 18min']
[u'8hr 8min'] [u'2hr 17min']
[u'8hr 7min'] [u'2hr 16min']
[u'8hr 6min'] [u'2hr 15min']
[u'8hr 5min'] [u'2hr 14min']
[u'8hr 4min'] [u'2hr 13min']
[u'8hr 3min'] [u'2hr 12min']
[u'8hr 2min'] [u'2hr 11min']
[u'8hr 1min'] [u'2hr 10min']
[u'8hr 0min'] [u'2hr 9min']
[u'7hr 59min'] [u'2hr 8min']
[u'7hr 58min'] [u'2hr 7min']
[u'7hr 57min'] [u'2hr 6min']
[u'7hr 56min'] [u'2hr 5min']
[u'7hr 55min'] [u'2hr 4min']
[u'7hr 54min'] [u'2hr 3min']
[u'7hr 53min'] [u'2hr 2min']
[u'7hr 52min'] [u'2hr 1min']
[u'7hr 51min'] [u'2hr 0min']
[u'7hr 50min'] [u'1hr 59min']
[u'7hr 49min'] [u'1hr 58min']
[u'7hr 48min'] [u'1hr 57min']
[u'7hr 47min'] [u'1hr 56min']
[u'7hr 46min'] [u'1hr 55min']
[u'7hr 45min'] [u'1hr 54min']
[u'7hr 44min'] [u'1hr 53min']
[u'7hr 43min'] [u'1hr 52min']
[u'7hr 42min'] [u'1hr 51min']
[u'7hr 41min'] [u'1hr 50min']
[u'7hr 40min'] [u'1hr 49min']
[u'7hr 39min'] [u'1hr 48min']
[u'7hr 38min'] [u'1hr 47min']
[u'7hr 37min'] [u'1hr 46min']
[u'7hr 36min'] [u'1hr 45min']
[u'7hr 35min'] [u'1hr 44min']
[u'7hr 34min'] [u'1hr 43min']
[u'7hr 33min'] [u'1hr 42min']
[u'7hr 32min'] [u'1hr 41min']
[u'7hr 31min'] [u'1hr 40min']
[u'7hr 30min'] [u'1hr 39min']
[u'7hr 29min'] [u'1hr 38min']
[u'7hr 28min'] [u'1hr 37min']
[u'7hr 27min'] [u'1hr 36min']
[u'7hr 26min'] [u'1hr 35min']
[u'7hr 25min'] [u'1hr 34min']
[u'7hr 24min'] [u'1hr 33min']
[u'7hr 23min'] [u'1hr 32min']
[u'7hr 22min'] [u'1hr 31min']
[u'7hr 21min'] [u'1hr 30min']
[u'7hr 20min'] [u'1hr 29min']
[u'7hr 19min'] [u'1hr 28min']
[u'7hr 18min'] [u'1hr 27min']
[u'7hr 17min'] [u'1hr 26min']
[u'7hr 16min'] [u'1hr 25min']
[u'7hr 15min'] [u'1hr 24min']
[u'7hr 14min'] [u'1hr 23min']
[u'7hr 13min'] [u'1hr 22min']
[u'7hr 12min'] [u'1hr 21min']
[u'7hr 11min'] [u'1hr 20min']
[u'7hr 10min'] [u'1hr 19min']
[u'7hr 9min'] [u'1hr 18min']
[u'7hr 8min'] [u'1hr 17min']
[u'7hr 7min'] [u'1hr 16min']
[u'7hr 6min'] [u'1hr 15min']
[u'7hr 5min'] [u'1hr 14min']
[u'7hr 4min'] [u'1hr 13min']
[u'7hr 3min'] [u'1hr 12min']
[u'7hr 2min'] [u'1hr 11min']
[u'7hr 1min'] [u'1hr 10min']
[u'7hr 0min'] [u'1hr 9min']
[u'6hr 59min'] [u'1hr 8min']
[u'6hr 58min'] [u'1hr 7min']
[u'6hr 57min'] [u'1hr 6min']
[u'6hr 56min'] [u'1hr 5min']
[u'6hr 55min'] [u'1hr 4min']
[u'6hr 54min'] [u'1hr 3min']
[u'6hr 53min'] [u'1hr 2min']
[u'6hr 52min'] [u'1hr 1min']
[u'6hr 51min'] [u'1hr 0min']
[u'6hr 50min'] [u'59min']
[u'6hr 49min'] [u'58min']
[u'6hr 48min'] [u'57min']
[u'6hr 47min'] [u'56min']
[u'6hr 46min'] [u'55min']
[u'6hr 45min'] [u'54min']
[u'6hr 44min'] [u'53min']
[u'6hr 43min'] [u'52min']
[u'6hr 42min'] [u'51min']
[u'6hr 41min'] [u'50min']
[u'6hr 40min'] [u'49min']
[u'6hr 39min'] [u'48min']
[u'6hr 38min'] [u'47min']
[u'6hr 37min'] [u'46min']
[u'6hr 36min'] [u'45min']
[u'6hr 35min'] [u'44min']
[u'6hr 34min'] [u'43min']
[u'6hr 33min'] [u'42min']
[u'6hr 32min'] [u'41min']
[u'6hr 31min'] [u'40min']
[u'6hr 30min'] [u'39min']
[u'6hr 29min'] [u'38min']
[u'6hr 28min'] [u'37min']
[u'6hr 27min'] [u'36min']
[u'6hr 26min'] [u'35min']
[u'6hr 25min'] [u'34min']
[u'6hr 24min'] [u'33min']
[u'6hr 23min'] [u'32min']
[u'6hr 22min'] [u'31min']
[u'6hr 21min'] [u'30min']
[u'6hr 20min'] [u'29min']
[u'6hr 19min'] [u'28min']
[u'6hr 18min'] [u'27min']
[u'6hr 17min'] [u'26min']
[u'6hr 16min'] [u'25min']
[u'6hr 15min'] [u'24min']
[u'6hr 14min'] [u'23min']
[u'6hr 13min'] [u'22min']
[u'6hr 12min'] [u'21min']
[u'6hr 11min'] [u'20min']
[u'6hr 10min'] [u'19min']
[u'6hr 9min'] [u'18min']
[u'6hr 8min'] [u'17min']
[u'6hr 7min'] [u'16min']
[u'6hr 6min'] [u'15min']
[u'6hr 5min'] [u'14min']
[u'6hr 4min'] [u'13min']
[u'6hr 3min'] [u'12min']
[u'6hr 2min'] [u'11min']
[u'6hr 1min'] [u'10min']
[u'6hr 0min'] [u'9min']
[u'5hr 59min'] [u'8min']
[u'5hr 58min'] [u'7min']
[u'5hr 57min'] [u'6min']
[u'5hr 56min'] [u'5min']
[u'5hr 55min'] [u'4min']
[u'5hr 54min'] [u'3min']
[u'5hr 53min'] [u'2min']
[u'5hr 52min'] [u'1min']
[u'5hr 51min'] [u'0min']
[u'5hr 50min'] [u'12hr 14min']
[u'5hr 49min'] [u'12hr 13min']
[u'5hr 48min'] [u'12hr 12min']
[u'5hr 47min'] [u'12hr 11min']
[u'5hr 46min'] [u'12hr 10min']
[u'5hr 45min'] [u'12hr 9min']
[u'5hr 44min'] [u'12hr 8min']
[u'5hr 43min'] [u'12hr 7min']
[u'5hr 42min'] [u'12hr 6min']
[u'5hr 41min'] [u'12hr 5min']
[u'5hr 40min'] [u'12hr 4min']
[u'5hr 39min'] [u'12hr 3min']
[u'5hr 38min'] [u'12hr 2min']
[u'5hr 37min'] [u'12hr 1min']
[u'5hr 36min'] [u'12hr 0min']
[u'5hr 35min'] [u'11hr 59min']
[u'5hr 34min'] [u'11hr 58min']
[u'5hr 33min'] [u'11hr 57min']
[u'5hr 32min'] [u'11hr 56min']
[u'5hr 31min'] [u'11hr 55min']
[u'5hr 30min'] [u'11hr 54min']
[u'5hr 29min'] [u'11hr 53min']
[u'5hr 28min'] [u'11hr 52min']
[u'5hr 27min'] [u'11hr 51min']
[u'5hr 26min'] [u'11hr 50min']
[u'5hr 25min'] [u'11hr 49min']
[u'5hr 24min'] [u'11hr 48min']
[u'5hr 23min'] [u'11hr 47min']
[u'5hr 22min'] [u'11hr 46min']
[u'5hr 21min'] [u'11hr 45min']
[u'5hr 20min'] [u'11hr 44min']
[u'5hr 19min'] [u'11hr 43min']
[u'5hr 18min'] [u'11hr 42min']
[u'5hr 17min'] [u'11hr 41min']
[u'5hr 16min'] [u'11hr 40min']
[u'5hr 15min'] [u'11hr 39min']
[u'5hr 14min'] [u'11hr 38min']
[u'5hr 13min'] [u'11hr 37min']
[u'5hr 12min'] [u'11hr 36min']
[u'5hr 11min'] [u'11hr 35min']
[u'5hr 10min'] [u'11hr 34min']
[u'5hr 9min'] [u'11hr 33min']
[u'5hr 8min'] [u'11hr 32min']
[u'5hr 7min'] [u'11hr 31min']
[u'5hr 6min'] [u'11hr 30min']
[u'5hr 5min'] [u'11hr 29min']
[u'5hr 4min'] [u'11hr 28min']
[u'5hr 3min'] [u'11hr 27min']
[u'5hr 2min'] [u'11hr 26min']
[u'5hr 1min'] [u'11hr 25min']
[u'5hr 0min'] [u'11hr 24min']
[u'4hr 59min'] [u'11hr 23min']
[u'4hr 58min'] [u'11hr 22min']
[u'4hr 57min'] [u'11hr 21min']
[u'4hr 56min'] [u'11hr 20min']
[u'4hr 55min'] [u'11hr 19min']
[u'4hr 54min'] [u'11hr 18min']
[u'4hr 53min'] [u'11hr 17min']
[u'4hr 52min'] [u'11hr 16min']
[u'4hr 51min'] [u'11hr 15min']
[u'4hr 50min'] [u'11hr 14min']
[u'4hr 49min'] [u'11hr 13min']
[u'4hr 48min'] [u'11hr 12min']
[u'4hr 47min'] [u'11hr 11min']
[u'4hr 46min'] [u'11hr 10min']
[u'4hr 45min'] [u'11hr 9min']
[u'4hr 44min'] [u'11hr 8min']
[u'4hr 43min'] [u'11hr 7min']
[u'4hr 42min'] [u'11hr 6min']
[u'4hr 41min'] [u'11hr 5min']
[u'4hr 40min'] [u'11hr 4min']
[u'4hr 39min'] [u'11hr 3min']
[u'4hr 38min'] [u'11hr 2min']
[u'4hr 37min'] [u'11hr 1min']
[u'4hr 36min'] [u'11hr 0min']
[u'4hr 35min'] [u'10hr 59min']
[u'4hr 34min'] [u'10hr 58min']
[u'4hr 33min'] [u'10hr 57min']
[u'4hr 32min'] [u'10hr 56min']
[u'4hr 31min'] [u'10hr 55min']
[u'4hr 30min'] [u'10hr 54min']
[u'4hr 29min'] [u'10hr 53min']
[u'4hr 28min'] [u'10hr 52min']
[u'4hr 27min'] [u'10hr 51min']
[u'4hr 26min'] [u'10hr 50min']
[u'4hr 25min'] [u'10hr 49min']
[u'4hr 24min'] [u'10hr 48min']
[u'4hr 23min'] [u'10hr 47min']
[u'4hr 22min'] [u'10hr 46min']
[u'4hr 21min'] [u'10hr 45min']
[u'4hr 20min'] [u'10hr 44min']
[u'4hr 19min'] [u'10hr 43min']
[u'4hr 18min'] [u'10hr 42min']
[u'4hr 17min'] [u'10hr 41min']
[u'4hr 16min'] [u'10hr 40min']
[u'4hr 15min'] [u'10hr 39min']
[u'4hr 14min'] [u'10hr 38min']
[u'4hr 13min'] [u'10hr 37min']
[u'4hr 12min'] [u'10hr 36min']
[u'4hr 11min'] [u'10hr 35min']
[u'4hr 10min'] [u'10hr 34min']
[u'4hr 9min'] [u'10hr 33min']
[u'4hr 8min'] [u'10hr 32min']
[u'4hr 7min'] [u'10hr 31min']
[u'4hr 6min'] [u'10hr 30min']
[u'4hr 5min'] [u'10hr 29min']
[u'4hr 4min'] [u'10hr 28min']
[u'4hr 3min'] [u'10hr 27min']
[u'4hr 2min'] [u'10hr 26min']
[u'4hr 1min'] [u'10hr 25min']
[u'4hr 0min'] [u'10hr 24min']
[u'3hr 59min'] [u'10hr 23min']
[u'3hr 58min'] [u'10hr 22min']
[u'3hr 57min'] [u'10hr 21min']
[u'3hr 56min'] [u'10hr 20min']
[u'3hr 55min'] [u'10hr 19min']
[u'3hr 54min'] [u'10hr 18min']
[u'3hr 53min'] [u'10hr 17min']
[u'3hr 52min'] [u'10hr 16min']
[u'3hr 51min'] [u'10hr 15min']
[u'3hr 50min'] [u'10hr 14min']
[u'3hr 49min'] [u'10hr 13min']
[u'3hr 48min'] [u'10hr 12min']
[u'3hr 47min'] [u'10hr 11min']
[u'3hr 46min'] [u'10hr 10min']
[u'3hr 45min'] [u'10hr 9min']
[u'3hr 44min'] [u'10hr 8min']
[u'3hr 43min'] [u'10hr 7min']
[u'3hr 42min'] [u'10hr 6min']
[u'3hr 41min'] [u'10hr 5min']
[u'3hr 40min'] [u'10hr 4min']
[u'3hr 39min'] [u'10hr 3min']
[u'3hr 38min'] [u'10hr 2min']
[u'3hr 37min'] [u'10hr 1min']
[u'3hr 36min'] [u'10hr 0min']
[u'3hr 35min'] [u'9hr 59min']
[u'3hr 34min'] [u'9hr 58min']
[u'3hr 33min'] [u'9hr 57min']
[u'3hr 32min'] [u'9hr 56min']
[u'3hr 31min'] [u'9hr 55min']
[u'3hr 30min'] [u'9hr 54min']
[u'3hr 29min'] [u'9hr 53min']
[u'3hr 28min'] [u'9hr 52min']
[u'3hr 27min'] [u'9hr 51min']
[u'3hr 26min'] [u'9hr 50min']
[u'3hr 25min'] [u'9hr 49min']
[u'3hr 24min'] [u'9hr 48min']
[u'3hr 23min'] [u'9hr 47min']
[u'3hr 22min'] [u'9hr 46min']
[u'3hr 21min'] [u'9hr 45min']
[u'3hr 20min'] [u'9hr 44min']
[u'3hr 19min'] [u'9hr 43min']
[u'3hr 18min'] [u'9hr 42min']
[u'3hr 17min'] [u'9hr 41min']
[u'3hr 16min'] [u'9hr 40min']
[u'3hr 15min'] [u'9hr 39min']
[u'3hr 14min'] [u'9hr 38min']
[u'3hr 13min'] [u'9hr 37min']
[u'3hr 12min'] [u'9hr 36min']
[u'3hr 11min'] [u'9hr 35min']
[u'3hr 10min'] [u'9hr 34min']
[u'3hr 9min'] [u'9hr 33min']
[u'3hr 8min'] [u'9hr 32min']
[u'3hr 7min'] [u'9hr 31min']
[u'3hr 6min'] [u'9hr 30min']
[u'3hr 5min'] [u'9hr 29min']
[u'3hr 4min'] [u'9hr 28min']
[u'3hr 3min'] [u'9hr 27min']
[u'3hr 2min'] [u'9hr 26min']
[u'3hr 1min'] [u'9hr 25min']
[u'3hr 0min'] [u'9hr 24min']
[u'2hr 59min'] [u'9hr 23min']
[u'2hr 58min'] [u'9hr 22min']
[u'2hr 57min'] [u'9hr 21min']
[u'2hr 56min'] [u'9hr 20min']
[u'2hr 55min'] [u'9hr 19min']
[u'2hr 54min'] [u'9hr 18min']
[u'2hr 53min'] [u'9hr 17min']
[u'2hr 52min'] [u'9hr 16min']
[u'2hr 51min'] [u'9hr 15min']
[u'2hr 50min'] [u'9hr 14min']
[u'2hr 49min'] [u'9hr 13min']
[u'2hr 48min'] [u'9hr 12min']
[u'2hr 47min'] [u'9hr 11min']
[u'2hr 46min'] [u'9hr 10min']
[u'2hr 45min'] [u'9hr 9min']
[u'2hr 44min'] [u'9hr 8min']
[u'2hr 43min'] [u'9hr 7min']
[u'2hr 42min'] [u'9hr 6min']
[u'2hr 41min'] [u'9hr 5min']
[u'2hr 40min'] [u'9hr 4min']
[u'2hr 39min'] [u'9hr 3min']
[u'2hr 38min'] [u'9hr 2min']
[u'2hr 37min'] [u'9hr 1min']
[u'2hr 36min'] [u'9hr 0min']
[u'2hr 35min'] [u'8hr 59min']
[u'2hr 34min'] [u'8hr 58min']
[u'2hr 33min'] [u'8hr 57min']
[u'2hr 32min'] [u'8hr 56min']
[u'2hr 31min'] [u'8hr 55min']
[u'2hr 30min'] [u'8hr 54min']
[u'2hr 29min'] [u'8hr 53min']
[u'2hr 28min'] [u'8hr 52min']
[u'2hr 27min'] [u'8hr 51min']
[u'2hr 26min'] [u'8hr 50min']
[u'2hr 25min'] [u'8hr 49min']
[u'2hr 24min'] [u'8hr 48min']
[u'2hr 23min'] [u'8hr 47min']
[u'2hr 22min'] [u'8hr 46min']
[u'2hr 21min'] [u'8hr 45min']
[u'2hr 20min'] [u'8hr 44min']
[u'2hr 19min'] [u'8hr 43min']
[u'2hr 18min'] [u'8hr 42min']
[u'2hr 17min'] [u'8hr 41min']
[u'2hr 16min'] [u'8hr 40min']
[u'2hr 15min'] [u'8hr 39min']
[u'2hr 14min'] [u'8hr 38min']
[u'2hr 13min'] [u'8hr 37min']
[u'2hr 12min'] [u'8hr 36min']
[u'2hr 11min'] [u'8hr 35min']
[u'2hr 10min'] [u'8hr 34min']
[u'2hr 9min'] [u'8hr 33min']
[u'2hr 8min'] [u'8hr 32min']
[u'2hr 7min'] [u'8hr 31min']
[u'2hr 6min'] [u'8hr 30min']
[u'2hr 5min'] [u'8hr 29min']
[u'2hr 4min'] [u'8hr 28min']
[u'2hr 3min'] [u'8hr 27min']
[u'2hr 2min'] [u'8hr 26min']
[u'2hr 1min'] [u'8hr 25min']
[u'2hr 0min'] [u'8hr 24min']
[u'1hr 59min'] [u'8hr 23min']
[u'1hr 58min'] [u'8hr 22min']
[u'1hr 57min'] [u'8hr 21min']
[u'1hr 56min'] [u'8hr 20min']
[u'1hr 55min'] [u'8hr 19min']
[u'1hr 54min'] [u'8hr 18min']
[u'1hr 53min'] [u'8hr 17min']
[u'1hr 52min'] [u'8hr 16min']
[u'1hr 51min'] [u'8hr 15min']
[u'1hr 50min'] [u'8hr 14min']
[u'1hr 49min'] [u'8hr 13min']
[u'1hr 48min'] [u'8hr 12min']
[u'1hr 47min'] [u'8hr 11min']
[u'1hr 46min'] [u'8hr 10min']
[u'1hr 45min'] [u'8hr 9min']
[u'1hr 44min'] [u'8hr 8min']
[u'1hr 43min'] [u'8hr 7min']
[u'1hr 42min'] [u'8hr 6min']
[u'1hr 41min'] [u'8hr 5min']
[u'1hr 40min'] [u'8hr 4min']
[u'1hr 39min'] [u'8hr 3min']
[u'1hr 38min'] [u'8hr 2min']
[u'1hr 37min'] [u'8hr 1min']
[u'1hr 36min'] [u'8hr 0min']
[u'1hr 35min'] [u'7hr 59min']
[u'1hr 34min'] [u'7hr 58min']
[u'1hr 33min'] [u'7hr 57min']
[u'1hr 32min'] [u'7hr 56min']
[u'1hr 31min'] [u'7hr 55min']
[u'1hr 30min'] [u'7hr 54min']
[u'1hr 29min'] [u'7hr 53min']
[u'1hr 28min'] [u'7hr 52min']
[u'1hr 27min'] [u'7hr 51min']
[u'1hr 26min'] [u'7hr 50min']
[u'1hr 25min'] [u'7hr 49min']
[u'1hr 24min'] [u'7hr 48min']
[u'1hr 23min'] [u'7hr 47min']
[u'1hr 22min'] [u'7hr 46min']
[u'1hr 21min'] [u'7hr 45min']
[u'1hr 20min'] [u'7hr 44min']
[u'1hr 19min'] [u'7hr 43min']
[u'1hr 18min'] [u'7hr 42min']
[u'1hr 17min'] [u'7hr 41min']
[u'1hr 16min'] [u'7hr 40min']
[u'1hr 15min'] [u'7hr 39min']
[u'1hr 14min'] [u'7hr 38min']
[u'1hr 13min'] [u'7hr 37min']
[u'1hr 12min'] [u'7hr 36min']
[u'1hr 11min'] [u'7hr 35min']
[u'1hr 10min'] [u'7hr 34min']
[u'1hr 9min'] [u'7hr 33min']
[u'1hr 8min'] [u'7hr 32min']
[u'1hr 7min'] [u'7hr 31min']
[u'1hr 6min'] [u'7hr 30min']
[u'1hr 5min'] [u'7hr 29min']
[u'1hr 4min'] [u'7hr 28min']
[u'1hr 3min'] [u'7hr 27min']
[u'1hr 2min'] [u'7hr 26min']
[u'1hr 1min'] [u'7hr 25min']
[u'1hr 0min'] [u'7hr 24min']
[u'59min'] [u'7hr 23min']
[u'58min'] [u'7hr 22min']
[u'57min'] [u'7hr 21min']
[u'56min'] [u'7hr 20min']
[u'55min'] [u'7hr 19min']
[u'54min'] [u'7hr 18min']
[u'53min'] [u'7hr 17min']
[u'52min'] [u'7hr 16min']
[u'51min'] [u'7hr 15min']
[u'50min'] [u'7hr 14min']
[u'49min'] [u'7hr 13min']
[u'48min'] [u'7hr 12min']
[u'47min'] [u'7hr 11min']
[u'46min'] [u'7hr 10min']
[u'45min'] [u'7hr 9min']
[u'44min'] [u'7hr 8min']
[u'43min'] [u'7hr 7min']
[u'42min'] [u'7hr 6min']
[u'41min'] [u'7hr 5min']
[u'40min'] [u'7hr 4min']
[u'39min'] [u'7hr 3min']
[u'38min'] [u'7hr 2min']
[u'37min'] [u'7hr 1min']
[u'36min'] [u'7hr 0min']
[u'35min'] [u'6hr 59min']
[u'34min'] [u'6hr 58min']
[u'33min'] [u'6hr 57min']
[u'32min'] [u'6hr 56min']
[u'31min'] [u'6hr 55min']
[u'30min'] [u'6hr 54min']
[u'29min'] [u'6hr 53min']
[u'28min'] [u'6hr 52min']
[u'27min'] [u'6hr 51min']
[u'26min'] [u'6hr 50min']
[u'25min'] [u'6hr 49min']
[u'24min'] [u'6hr 48min']
[u'23min'] [u'6hr 47min']
[u'22min'] [u'6hr 46min']
[u'21min'] [u'6hr 45min']
[u'20min'] [u'6hr 44min']
[u'19min'] [u'6hr 43min']
[u'18min'] [u'6hr 42min']
[u'17min'] [u'6hr 41min']
[u'16min'] [u'6hr 40min']
[u'15min'] [u'6hr 39min']
[u'14min'] [u'6hr 38min']
[u'13min'] [u'6hr 37min']
[u'12min'] [u'6hr 36min']
[u'11min'] [u'6hr 35min']
[u'10min'] [u'6hr 34min']
[u'9min'] [u'6hr 33min']
[u'8min'] [u'6hr 32min']
[u'7min'] [u'6hr 31min']
[u'6min'] [u'6hr 30min']
[u'5min'] [u'6hr 29min']
[u'4min'] [u'6hr 28min']
[u'3min'] [u'6hr 27min']
[u'2min'] [u'6hr 26min']
[u'1min'] [u'6hr 25min']
[u'0min'] [u'6hr 24min']
[u'12hr 5min'] [u'6hr 23min']
[u'12hr 4min'] [u'6hr 22min']
[u'12hr 3min'] [u'6hr 21min']
[u'12hr 2min'] [u'6hr 20min']
[u'12hr 1min'] [u'6hr 19min']
[u'12hr 0min'] [u'6hr 18min']
[u'11hr 59min'] [u'6hr 17min']
[u'11hr 58min'] [u'6hr 16min']
[u'11hr 57min'] [u'6hr 15min']
[u'11hr 56min'] [u'6hr 14min']
[u'11hr 55min'] [u'6hr 13min']
[u'11hr 54min'] [u'6hr 12min']
[u'11hr 53min'] [u'6hr 11min']
[u'11hr 52min'] [u'6hr 10min']
[u'11hr 51min'] [u'6hr 9min']
[u'11hr 50min'] [u'6hr 8min']
[u'11hr 49min'] [u'6hr 7min']
[u'11hr 48min'] [u'6hr 6min']
[u'11hr 47min'] [u'6hr 5min']
[u'11hr 46min'] [u'6hr 4min']
[u'11hr 45min'] [u'6hr 3min']
[u'11hr 44min'] [u'6hr 2min']
[u'11hr 43min'] [u'6hr 1min']
[u'11hr 42min'] [u'6hr 0min']
[u'11hr 41min'] [u'5hr 59min']
[u'11hr 40min'] [u'5hr 58min']
[u'11hr 39min'] [u'5hr 57min']
[u'11hr 38min'] [u'5hr 56min']
[u'11hr 37min'] [u'5hr 55min']
[u'11hr 36min'] [u'5hr 54min']
[u'11hr 35min'] [u'5hr 53min']
[u'11hr 34min'] [u'5hr 52min']
[u'11hr 33min'] [u'5hr 51min']
[u'11hr 32min'] [u'5hr 50min']
[u'11hr 31min'] [u'5hr 49min']
[u'11hr 30min'] [u'5hr 48min']
[u'11hr 29min'] [u'5hr 47min']
[u'11hr 28min'] [u'5hr 46min']
[u'11hr 27min'] [u'5hr 45min']
[u'11hr 26min'] [u'5hr 44min']
[u'11hr 25min'] [u'5hr 43min']
[u'11hr 24min'] [u'5hr 42min']
[u'11hr 23min'] [u'5hr 41min']
[u'11hr 22min'] [u'5hr 40min']
[u'11hr 21min'] [u'5hr 39min']
[u'11hr 20min'] [u'5hr 38min']
[u'11hr 19min'] [u'5hr 37min']
[u'11hr 18min'] [u'5hr 36min']
[u'11hr 17min'] [u'5hr 35min']
[u'11hr 16min'] [u'5hr 34min']
[u'11hr 15min'] [u'5hr 33min']
[u'11hr 14min'] [u'5hr 32min']
[u'11hr 13min'] [u'5hr 31min']
[u'11hr 12min'] [u'5hr 30min']
[u'11hr 11min'] [u'5hr 29min']
[u'11hr 10min'] [u'5hr 28min']
[u'11hr 9min'] [u'5hr 27min']
[u'11hr 8min'] [u'5hr 26min']
[u'11hr 7min'] [u'5hr 25min']
[u'11hr 6min'] [u'5hr 24min']
[u'11hr 5min'] [u'5hr 23min']
[u'11hr 4min'] [u'5hr 22min']
[u'11hr 3min'] [u'5hr 21min']
[u'11hr 2min'] [u'5hr 20min']
[u'11hr 1min'] [u'5hr 19min']
[u'11hr 0min'] [u'5hr 18min']
[u'10hr 59min'] [u'5hr 17min']
[u'10hr 58min'] [u'5hr 16min']
[u'10hr 57min'] [u'5hr 15min']
[u'10hr 56min'] [u'5hr 14min']
[u'10hr 55min'] [u'5hr 13min']
[u'10hr 54min'] [u'5hr 12min']
[u'10hr 53min'] [u'5hr 11min']
[u'10hr 52min'] [u'5hr 10min']
[u'10hr 51min'] [u'5hr 9min']
[u'10hr 50min'] [u'5hr 8min']
[u'10hr 49min'] [u'5hr 7min']
[u'10hr 48min'] [u'5hr 6min']
[u'10hr 47min'] [u'5hr 5min']
[u'10hr 46min'] [u'5hr 4min']
[u'10hr 45min'] [u'5hr 3min']
[u'10hr 44min'] [u'5hr 2min']
[u'10hr 43min'] [u'5hr 1min']
[u'10hr 42min'] [u'5hr 0min']
[u'10hr 41min'] [u'4hr 59min']
[u'10hr 40min'] [u'4hr 58min']
[u'10hr 39min'] [u'4hr 57min']
[u'10hr 38min'] [u'4hr 56min']
[u'10hr 37min'] [u'4hr 55min']
[u'10hr 36min'] [u'4hr 54min']
[u'10hr 35min'] [u'4hr 53min']
[u'10hr 34min'] [u'4hr 52min']
[u'10hr 33min'] [u'4hr 51min']
[u'10hr 32min'] [u'4hr 50min']
[u'10hr 31min'] [u'4hr 49min']
[u'10hr 30min'] [u'4hr 48min']
[u'10hr 29min'] [u'4hr 47min']
[u'10hr 28min'] [u'4hr 46min']
[u'10hr 27min'] [u'4hr 45min']
[u'10hr 26min'] [u'4hr 44min']
[u'10hr 25min'] [u'4hr 43min']
[u'10hr 24min'] [u'4hr 42min']
[u'10hr 23min'] [u'4hr 41min']
[u'10hr 22min'] [u'4hr 40min']
[u'10hr 21min'] [u'4hr 39min']
[u'10hr 20min'] [u'4hr 38min']
[u'10hr 19min'] [u'4hr 37min']
[u'10hr 18min'] [u'4hr 36min']
[u'10hr 17min'] [u'4hr 35min']
[u'10hr 16min'] [u'4hr 34min']
[u'10hr 15min'] [u'4hr 33min']
[u'10hr 14min'] [u'4hr 32min']
[u'10hr 13min'] [u'4hr 31min']
[u'10hr 12min'] [u'4hr 30min']
[u'10hr 11min'] [u'4hr 29min']
[u'10hr 10min'] [u'4hr 28min']
[u'10hr 9min'] [u'4hr 27min']
[u'10hr 8min'] [u'4hr 26min']
[u'10hr 7min'] [u'4hr 25min']
[u'10hr 6min'] [u'4hr 24min']
[u'10hr 5min'] [u'4hr 23min']
[u'10hr 4min'] [u'4hr 22min']
[u'10hr 3min'] [u'4hr 21min']
[u'10hr 2min'] [u'4hr 20min']
[u'10hr 1min'] [u'4hr 19min']
[u'10hr 0min'] [u'4hr 18min']
[u'9hr 59min'] [u'4hr 17min']
[u'9hr 58min'] [u'4hr 16min']
[u'9hr 57min'] [u'4hr 15min']
[u'9hr 56min'] [u'4hr 14min']
[u'9hr 55min'] [u'4hr 13min']
[u'9hr 54min'] [u'4hr 12min']
[u'9hr 53min'] [u'4hr 11min']
[u'9hr 52min'] [u'4hr 10min']
[u'9hr 51min'] [u'4hr 9min']
[u'9hr 50min'] [u'4hr 8min']
[u'9hr 49min'] [u'4hr 7min']
[u'9hr 48min'] [u'4hr 6min']
[u'9hr 47min'] [u'4hr 5min']
[u'9hr 46min'] [u'4hr 4min']
[u'9hr 45min'] [u'4hr 3min']
[u'9hr 44min'] [u'4hr 2min']
[u'9hr 43min'] [u'4hr 1min']
[u'9hr 42min'] [u'4hr 0min']
[u'9hr 41min'] [u'3hr 59min']
[u'9hr 40min'] [u'3hr 58min']
[u'9hr 39min'] [u'3hr 57min']
[u'9hr 38min'] [u'3hr 56min']
[u'9hr 37min'] [u'3hr 55min']
[u'9hr 36min'] [u'3hr 54min']
[u'9hr 35min'] [u'3hr 53min']
[u'9hr 34min'] [u'3hr 52min']
[u'9hr 33min'] [u'3hr 51min']
[u'9hr 32min'] [u'3hr 50min']
[u'9hr 31min'] [u'3hr 49min']
[u'9hr 30min'] [u'3hr 48min']
[u'9hr 29min'] [u'3hr 47min']
[u'9hr 28min'] [u'3hr 46min']
[u'9hr 27min'] [u'3hr 45min']
[u'9hr 26min'] [u'3hr 44min']
[u'9hr 25min'] [u'3hr 43min']
[u'9hr 24min'] [u'3hr 42min']
[u'9hr 23min'] [u'3hr 41min']
[u'9hr 22min'] [u'3hr 40min']
[u'9hr 21min'] [u'3hr 39min']
[u'9hr 20min'] [u'3hr 38min']
[u'9hr 19min'] [u'3hr 37min']
[u'9hr 18min'] [u'3hr 36min']
[u'9hr 17min'] [u'3hr 35min']
[u'9hr 16min'] [u'3hr 34min']
[u'9hr 15min'] [u'3hr 33min']
[u'9hr 14min'] [u'3hr 32min']
[u'9hr 13min'] [u'3hr 31min']
[u'9hr 12min'] [u'3hr 30min']
[u'9hr 11min'] [u'3hr 29min']
[u'9hr 10min'] [u'3hr 28min']
[u'9hr 9min'] [u'3hr 27min']
[u'9hr 8min'] [u'3hr 26min']
[u'9hr 7min'] [u'3hr 25min']
[u'9hr 6min'] [u'3hr 24min']
[u'9hr 5min'] [u'3hr 23min']
[u'9hr 4min'] [u'3hr 22min']
[u'9hr 3min'] [u'3hr 21min']
[u'9hr 2min'] [u'3hr 20min']
[u'9hr 1min'] [u'3hr 19min']
[u'9hr 0min'] [u'3hr 18min']
[u'8hr 59min'] [u'3hr 17min']
[u'8hr 58min'] [u'3hr 16min']
[u'8hr 57min'] [u'3hr 15min']
[u'8hr 56min'] [u'3hr 14min']
[u'8hr 55min'] [u'3hr 13min']
[u'8hr 54min'] [u'3hr 12min']
[u'8hr 53min'] [u'3hr 11min']
[u'8hr 52min'] [u'3hr 10min']
[u'8hr 51min'] [u'3hr 9min']
[u'8hr 50min'] [u'3hr 8min']
[u'8hr 49min'] [u'3hr 7min']
[u'8hr 48min'] [u'3hr 6min']
[u'8hr 47min'] [u'3hr 5min']
[u'8hr 46min'] [u'3hr 4min']
[u'8hr 45min'] [u'3hr 3min']
[u'8hr 44min'] [u'3hr 2min']
[u'8hr 43min'] [u'3hr 1min']
[u'8hr 42min'] [u'3hr 0min']
[u'8hr 41min'] [u'2hr 59min']
[u'8hr 40min'] [u'2hr 58min']
[u'8hr 39min'] [u'2hr 57min']
[u'8hr 38min'] [u'2hr 56min']
[u'8hr 37min'] [u'2hr 55min']
[u'8hr 36min'] [u'2hr 54min']
[u'8hr 35min'] [u'2hr 53min']
[u'8hr 34min'] [u'2hr 52min']
[u'8hr 33min'] [u'2hr 51min']
[u'8hr 32min'] [u'2hr 50min']
[u'8hr 31min'] [u'2hr 49min']
[u'8hr 30min'] [u'2hr 48min']
[u'8hr 29min'] [u'2hr 47min']
[u'8hr 28min'] [u'2hr 46min']
[u'8hr 27min'] [u'2hr 45min']
[u'8hr 26min'] [u'2hr 44min']
[u'8hr 25min'] [u'2hr 43min']
[u'8hr 24min'] [u'2hr 42min']
[u'8hr 23min'] [u'2hr 41min']
[u'8hr 22min'] [u'2hr 40min']
[u'8hr 21min'] [u'2hr 39min']
[u'8hr 20min'] [u'2hr 38min']
[u'8hr 19min'] [u'2hr 37min']
[u'8hr 18min'] [u'2hr 36min']
[u'8hr 17min'] [u'2hr 35min']
[u'8hr 16min'] [u'2hr 34min']
[u'8hr 15min'] [u'2hr 33min']
[u'8hr 14min'] [u'2hr 32min']
[u'8hr 13min'] [u'2hr 31min']
[u'8hr 12min'] [u'2hr 30min']
[u'8hr 11min'] [u'2hr 29min']
[u'8hr 10min'] [u'2hr 28min']
[u'8hr 9min'] [u'2hr 27min']
[u'8hr 8min'] [u'2hr 26min']
[u'8hr 7min'] [u'2hr 25min']
[u'8hr 6min'] [u'2hr 24min']
[u'8hr 5min'] [u'2hr 23min']
[u'8hr 4min'] [u'2hr 22min']
[u'8hr 3min'] [u'2hr 21min']
[u'8hr 2min'] [u'2hr 20min']
[u'8hr 1min'] [u'2hr 19min']
[u'8hr 0min'] [u'2hr 18min']
[u'7hr 59min'] [u'2hr 17min']
[u'7hr 58min'] [u'2hr 16min']
[u'7hr 57min'] [u'2hr 15min']
[u'7hr 56min'] [u'2hr 14min']
[u'7hr 55min'] [u'2hr 13min']
[u'7hr 54min'] [u'2hr 12min']
[u'7hr 53min'] [u'2hr 11min']
[u'7hr 52min'] [u'2hr 10min']
[u'7hr 51min'] [u'2hr 9min']
[u'7hr 50min'] [u'2hr 8min']
[u'7hr 49min'] [u'2hr 7min']
[u'7hr 48min'] [u'2hr 6min']
[u'7hr 47min'] [u'2hr 5min']
[u'7hr 46min'] [u'2hr 4min']
[u'7hr 45min'] [u'2hr 3min']
[u'7hr 44min'] [u'2hr 2min']
[u'7hr 43min'] [u'2hr 1min']
[u'7hr 42min'] [u'2hr 0min']
[u'7hr 41min'] [u'1hr 59min']
[u'7hr 40min'] [u'1hr 58min']
[u'7hr 39min'] [u'1hr 57min']
[u'7hr 38min'] [u'1hr 56min']
[u'7hr 37min'] [u'1hr 55min']
[u'7hr 36min'] [u'1hr 54min']
[u'7hr 35min'] [u'1hr 53min']
[u'7hr 34min'] [u'1hr 52min']
[u'7hr 33min'] [u'1hr 51min']
[u'7hr 32min'] [u'1hr 50min']
[u'7hr 31min'] [u'1hr 49min']
[u'7hr 30min'] [u'1hr 48min']
[u'7hr 29min'] [u'1hr 47min']
[u'7hr 28min'] [u'1hr 46min']
[u'7hr 27min'] [u'1hr 45min']
[u'7hr 26min'] [u'1hr 44min']
[u'7hr 25min'] [u'1hr 43min']
[u'7hr 24min'] [u'1hr 42min']
[u'7hr 23min'] [u'1hr 41min']
[u'7hr 22min'] [u'1hr 40min']
[u'7hr 21min'] [u'1hr 39min']
[u'7hr 20min'] [u'1hr 38min']
[u'7hr 19min'] [u'1hr 37min']
[u'7hr 18min'] [u'1hr 36min']
[u'7hr 17min'] [u'1hr 35min']
[u'7hr 16min'] [u'1hr 34min']
[u'7hr 15min'] [u'1hr 33min']
[u'7hr 14min'] [u'1hr 32min']
[u'7hr 13min'] [u'1hr 31min']
[u'7hr 12min'] [u'1hr 30min']
[u'7hr 11min'] [u'1hr 29min']
[u'7hr 10min'] [u'1hr 28min']
[u'7hr 9min'] [u'1hr 27min']
[u'7hr 8min'] [u'1hr 26min']
[u'7hr 7min'] [u'1hr 25min']
[u'7hr 6min'] [u'1hr 24min']
[u'7hr 5min'] [u'1hr 23min']
[u'7hr 4min'] [u'1hr 22min']
[u'7hr 3min'] [u'1hr 21min']
[u'7hr 2min'] [u'1hr 20min']
[u'7hr 1min'] [u'1hr 19min']
[u'7hr 0min'] [u'1hr 18min']
[u'6hr 59min'] [u'1hr 17min']
[u'6hr 58min'] [u'1hr 16min']
[u'6hr 57min'] [u'1hr 15min']
[u'6hr 56min'] [u'1hr 14min']
[u'6hr 55min'] [u'1hr 13min']
[u'6hr 54min'] [u'1hr 12min']
[u'6hr 53min'] [u'1hr 11min']
[u'6hr 52min'] [u'1hr 10min']
[u'6hr 51min'] [u'1hr 9min']
[u'6hr 50min'] [u'1hr 8min']
[u'6hr 49min'] [u'1hr 7min']
[u'6hr 48min'] [u'1hr 6min']
[u'6hr 47min'] [u'1hr 5min']
[u'6hr 46min'] [u'1hr 4min']
[u'6hr 45min'] [u'1hr 3min']
[u'6hr 44min'] [u'1hr 2min']
[u'6hr 43min'] [u'1hr 1min']
[u'6hr 42min'] [u'1hr 0min']
[u'6hr 41min'] [u'59min']
[u'6hr 40min'] [u'58min']
[u'6hr 39min'] [u'57min']
[u'6hr 38min'] [u'56min']
[u'6hr 37min'] [u'55min']
[u'6hr 36min'] [u'54min']
[u'6hr 35min'] [u'53min']
[u'6hr 34min'] [u'52min']
[u'6hr 33min'] [u'51min']
[u'6hr 32min'] [u'50min']
[u'6hr 31min'] [u'49min']
[u'6hr 30min'] [u'48min']
[u'6hr 29min'] [u'47min']
[u'6hr 28min'] [u'46min']
[u'6hr 27min'] [u'45min']
[u'6hr 26min'] [u'44min']
[u'6hr 25min'] [u'43min']
[u'6hr 24min'] [u'42min']
[u'6hr 23min'] [u'41min']
[u'6hr 22min'] [u'40min']
[u'6hr 21min'] [u'39min']
[u'6hr 20min'] [u'38min']
[u'6hr 19min'] [u'37min']
[u'6hr 18min'] [u'36min']
[u'6hr 17min'] [u'35min']
[u'6hr 16min'] [u'34min']
[u'6hr 15min'] [u'33min']
[u'6hr 14min'] [u'32min']
[u'6hr 13min'] [u'31min']
[u'6hr 12min'] [u'30min']
[u'6hr 11min'] [u'29min']
[u'6hr 10min'] [u'28min']
[u'6hr 9min'] [u'27min']
[u'6hr 8min'] [u'26min']
[u'6hr 7min'] [u'25min']
[u'6hr 6min'] [u'24min']
[u'6hr 5min'] [u'23min']
[u'6hr 4min'] [u'22min']
[u'6hr 3min'] [u'21min']
[u'6hr 2min'] [u'20min']
[u'6hr 1min'] [u'19min']
[u'6hr 0min'] [u'18min']
[u'5hr 59min'] [u'17min']
[u'5hr 58min'] [u'16min']
[u'5hr 57min'] [u'15min']
[u'5hr 56min'] [u'14min']
[u'5hr 55min'] [u'13min']
[u'5hr 54min'] [u'12min']
[u'5hr 53min'] [u'11min']
[u'5hr 52min'] [u'10min']
[u'5hr 51min'] [u'9min']
[u'5hr 50min'] [u'8min']
[u'5hr 49min'] [u'7min']
[u'5hr 48min'] [u'6min']
[u'5hr 47min'] [u'5min']
[u'5hr 46min'] [u'4min']
[u'5hr 45min'] [u'3min']
[u'5hr 44min'] [u'2min']
[u'5hr 43min'] [u'1min']
[u'5hr 42min'] [u'0min']
[u'5hr 41min'] [u'12hr 17min']
[u'5hr 40min'] [u'12hr 16min']
[u'5hr 39min'] [u'12hr 15min']
[u'5hr 38min'] [u'12hr 14min']
[u'5hr 37min'] [u'12hr 13min']
[u'5hr 36min'] [u'12hr 12min']
[u'5hr 35min'] [u'12hr 11min']
[u'5hr 34min'] [u'12hr 10min']
[u'5hr 33min'] [u'12hr 9min']
[u'5hr 32min'] [u'12hr 8min']
[u'5hr 31min'] [u'12hr 7min']
[u'5hr 30min'] [u'12hr 6min']
[u'5hr 29min'] [u'12hr 5min']
[u'5hr 28min'] [u'12hr 4min']
[u'5hr 27min'] [u'12hr 3min']
[u'5hr 26min'] [u'12hr 2min']
[u'5hr 25min'] [u'12hr 1min']
[u'5hr 24min'] [u'12hr 0min']
[u'5hr 23min'] [u'11hr 59min']
[u'5hr 22min'] [u'11hr 58min']
[u'5hr 21min'] [u'11hr 57min']
[u'5hr 20min'] [u'11hr 56min']
[u'5hr 19min'] [u'11hr 55min']
[u'5hr 18min'] [u'11hr 54min']
[u'5hr 17min'] [u'11hr 53min']
[u'5hr 16min'] [u'11hr 52min']
[u'5hr 15min'] [u'11hr 51min']
[u'5hr 14min'] [u'11hr 50min']
[u'5hr 13min'] [u'11hr 49min']
[u'5hr 12min'] [u'11hr 48min']
[u'5hr 11min'] [u'11hr 47min']
[u'5hr 10min'] [u'11hr 46min']
[u'5hr 9min'] [u'11hr 45min']
[u'5hr 8min'] [u'11hr 44min']
[u'5hr 7min'] [u'11hr 43min']
[u'5hr 6min'] [u'11hr 42min']
[u'5hr 5min'] [u'11hr 41min']
[u'5hr 4min'] [u'11hr 40min']
[u'5hr 3min'] [u'11hr 39min']
[u'5hr 2min'] [u'11hr 38min']
[u'5hr 1min'] [u'11hr 37min']
[u'5hr 0min'] [u'11hr 36min']
[u'4hr 59min'] [u'11hr 35min']
[u'4hr 58min'] [u'11hr 34min']
[u'4hr 57min'] [u'11hr 33min']
[u'4hr 56min'] [u'11hr 32min']
[u'4hr 55min'] [u'11hr 31min']
[u'4hr 54min'] [u'11hr 30min']
[u'4hr 53min'] [u'11hr 29min']
[u'4hr 52min'] [u'11hr 28min']
[u'4hr 51min'] [u'11hr 27min']
[u'4hr 50min'] [u'11hr 26min']
[u'4hr 49min'] [u'11hr 25min']
[u'4hr 48min'] [u'11hr 24min']
[u'4hr 47min'] [u'11hr 23min']
[u'4hr 46min'] [u'11hr 22min']
[u'4hr 45min'] [u'11hr 21min']
[u'4hr 44min'] [u'11hr 20min']
[u'4hr 43min'] [u'11hr 19min']
[u'4hr 42min'] [u'11hr 18min']
[u'4hr 41min'] [u'11hr 17min']
[u'4hr 40min'] [u'11hr 16min']
[u'4hr 39min'] [u'11hr 15min']
[u'4hr 38min'] [u'11hr 14min']
[u'4hr 37min'] [u'11hr 13min']
[u'4hr 36min'] [u'11hr 12min']
[u'4hr 35min'] [u'11hr 11min']
[u'4hr 34min'] [u'11hr 10min']
[u'4hr 33min'] [u'11hr 9min']
[u'4hr 32min'] [u'11hr 8min']
[u'4hr 31min'] [u'11hr 7min']
[u'4hr 30min'] [u'11hr 6min']
[u'4hr 29min'] [u'11hr 5min']
[u'4hr 28min'] [u'11hr 4min']
[u'4hr 27min'] [u'11hr 3min']
[u'4hr 26min'] [u'11hr 2min']
[u'4hr 25min'] [u'11hr 1min']
[u'4hr 24min'] [u'11hr 0min']
[u'4hr 23min'] [u'10hr 59min']
[u'4hr 22min'] [u'10hr 58min']
[u'4hr 21min'] [u'10hr 57min']
[u'4hr 20min'] [u'10hr 56min']
[u'4hr 19min'] [u'10hr 55min']
[u'4hr 18min'] [u'10hr 54min']
[u'4hr 17min'] [u'10hr 53min']
[u'4hr 16min'] [u'10hr 52min']
[u'4hr 15min'] [u'10hr 51min']
[u'4hr 14min'] [u'10hr 50min']
[u'4hr 13min'] [u'10hr 49min']
[u'4hr 12min'] [u'10hr 48min']
[u'4hr 11min'] [u'10hr 47min']
[u'4hr 10min'] [u'10hr 46min']
[u'4hr 9min'] [u'10hr 45min']
[u'4hr 8min'] [u'10hr 44min']
[u'4hr 7min'] [u'10hr 43min']
[u'4hr 6min'] [u'10hr 42min']
[u'4hr 5min'] [u'10hr 41min']
[u'4hr 4min'] [u'10hr 40min']
[u'4hr 3min'] [u'10hr 39min']
[u'4hr 2min'] [u'10hr 38min']
[u'4hr 1min'] [u'10hr 37min']
[u'4hr 0min'] [u'10hr 36min']
[u'3hr 59min'] [u'10hr 35min']
[u'3hr 58min'] [u'10hr 34min']
[u'3hr 57min'] [u'10hr 33min']
[u'3hr 56min'] [u'10hr 32min']
[u'3hr 55min'] [u'10hr 31min']
[u'3hr 54min'] [u'10hr 30min']
[u'3hr 53min'] [u'10hr 29min']
[u'3hr 52min'] [u'10hr 28min']
[u'3hr 51min'] [u'10hr 27min']
[u'3hr 50min'] [u'10hr 26min']
[u'3hr 49min'] [u'10hr 25min']
[u'3hr 48min'] [u'10hr 24min']
[u'3hr 47min'] [u'10hr 23min']
[u'3hr 46min'] [u'10hr 22min']
[u'3hr 45min'] [u'10hr 21min']
[u'3hr 44min'] [u'10hr 20min']
[u'3hr 43min'] [u'10hr 19min']
[u'3hr 42min'] [u'10hr 18min']
[u'3hr 41min'] [u'10hr 17min']
[u'3hr 40min'] [u'10hr 16min']
[u'3hr 39min'] [u'10hr 15min']
[u'3hr 38min'] [u'10hr 14min']
[u'3hr 37min'] [u'10hr 13min']
[u'3hr 36min'] [u'10hr 12min']
[u'3hr 35min'] [u'10hr 11min']
[u'3hr 34min'] [u'10hr 10min']
[u'3hr 33min'] [u'10hr 9min']
[u'3hr 32min'] [u'10hr 8min']
[u'3hr 31min'] [u'10hr 7min']
[u'3hr 30min'] [u'10hr 6min']
[u'3hr 29min'] [u'10hr 5min']
[u'3hr 28min'] [u'10hr 4min']
[u'3hr 27min'] [u'10hr 3min']
[u'3hr 26min'] [u'10hr 2min']
[u'3hr 25min'] [u'10hr 1min']
[u'3hr 24min'] [u'10hr 0min']
[u'3hr 23min'] [u'9hr 59min']
[u'3hr 22min'] [u'9hr 58min']
[u'3hr 21min'] [u'9hr 57min']
[u'3hr 20min'] [u'9hr 56min']
[u'3hr 19min'] [u'9hr 55min']
[u'3hr 18min'] [u'9hr 54min']
[u'3hr 17min'] [u'9hr 53min']
[u'3hr 16min'] [u'9hr 52min']
[u'3hr 15min'] [u'9hr 51min']
[u'3hr 14min'] [u'9hr 50min']
[u'3hr 13min'] [u'9hr 49min']
[u'3hr 12min'] [u'9hr 48min']
[u'3hr 11min'] [u'9hr 47min']
[u'3hr 10min'] [u'9hr 46min']
[u'3hr 9min'] [u'9hr 45min']
[u'3hr 8min'] [u'9hr 44min']
[u'3hr 7min'] [u'9hr 43min']
[u'3hr 6min'] [u'9hr 42min']
[u'3hr 5min'] [u'9hr 41min']
[u'3hr 4min'] [u'9hr 40min']
[u'3hr 3min'] [u'9hr 39min']
[u'3hr 2min'] [u'9hr 38min']
[u'3hr 1min'] [u'9hr 37min']
[u'3hr 0min'] [u'9hr 36min']
[u'2hr 59min'] [u'9hr 35min']
[u'2hr 58min'] [u'9hr 34min']
[u'2hr 57min'] [u'9hr 33min']
[u'2hr 56min'] [u'9hr 32min']
[u'2hr 55min'] [u'9hr 31min']
[u'2hr 54min'] [u'9hr 30min']
[u'2hr 53min'] [u'9hr 29min']
[u'2hr 52min'] [u'9hr 28min']
[u'2hr 51min'] [u'9hr 27min']
[u'2hr 50min'] [u'9hr 26min']
[u'2hr 49min'] [u'9hr 25min']
[u'2hr 48min'] [u'9hr 24min']
[u'2hr 47min'] [u'9hr 23min']
[u'2hr 46min'] [u'9hr 22min']
[u'2hr 45min'] [u'9hr 21min']
[u'2hr 44min'] [u'9hr 20min']
[u'2hr 43min'] [u'9hr 19min']
[u'2hr 42min'] [u'9hr 18min']
[u'2hr 41min'] [u'9hr 17min']
[u'2hr 40min'] [u'9hr 16min']
[u'2hr 39min'] [u'9hr 15min']
[u'2hr 38min'] [u'9hr 14min']
[u'2hr 37min'] [u'9hr 13min']
[u'2hr 36min'] [u'9hr 12min']
[u'2hr 35min'] [u'9hr 11min']
[u'2hr 34min'] [u'9hr 10min']
[u'2hr 33min'] [u'9hr 9min']
[u'2hr 32min'] [u'9hr 8min']
[u'2hr 31min'] [u'9hr 7min']
[u'2hr 30min'] [u'9hr 6min']
[u'2hr 29min'] [u'9hr 5min']
[u'2hr 28min'] [u'9hr 4min']
[u'2hr 27min'] [u'9hr 3min']
[u'2hr 26min'] [u'9hr 2min']
[u'2hr 25min'] [u'9hr 1min']
[u'2hr 24min'] [u'9hr 0min']
[u'2hr 23min'] [u'8hr 59min']
[u'2hr 22min'] [u'8hr 58min']
[u'2hr 21min'] [u'8hr 57min']
[u'2hr 20min'] [u'8hr 56min']
[u'2hr 19min'] [u'8hr 55min']
[u'2hr 18min'] [u'8hr 54min']
[u'2hr 17min'] [u'8hr 53min']
[u'2hr 16min'] [u'8hr 52min']
[u'2hr 15min'] [u'8hr 51min']
[u'2hr 14min'] [u'8hr 50min']
[u'2hr 13min'] [u'8hr 49min']
[u'2hr 12min'] [u'8hr 48min']
[u'2hr 11min'] [u'8hr 47min']
[u'2hr 10min'] [u'8hr 46min']
[u'2hr 9min'] [u'8hr 45min']
[u'2hr 8min'] [u'8hr 44min']
[u'2hr 7min'] [u'8hr 43min']
[u'2hr 6min'] [u'8hr 42min']
[u'2hr 5min'] [u'8hr 41min']
[u'2hr 4min'] [u'8hr 40min']
[u'2hr 3min'] [u'8hr 39min']
[u'2hr 2min'] [u'8hr 38min']
[u'2hr 1min'] [u'8hr 37min']
[u'2hr 0min'] [u'8hr 36min']
[u'1hr 59min'] [u'8hr 35min']
[u'1hr 58min'] [u'8hr 34min']
[u'1hr 57min'] [u'8hr 33min']
[u'1hr 56min'] [u'8hr 32min']
[u'1hr 55min'] [u'8hr 31min']
[u'1hr 54min'] [u'8hr 30min']
[u'1hr 53min'] [u'8hr 29min']
[u'1hr 52min'] [u'8hr 28min']
[u'1hr 51min'] [u'8hr 27min']
[u'1hr 50min'] [u'8hr 26min']
[u'1hr 49min'] [u'8hr 25min']
[u'1hr 48min'] [u'8hr 24min']
[u'1hr 47min'] [u'8hr 23min']
[u'1hr 46min'] [u'8hr 22min']
[u'1hr 45min'] [u'8hr 21min']
[u'1hr 44min'] [u'8hr 20min']
[u'1hr 43min'] [u'8hr 19min']
[u'1hr 42min'] [u'8hr 18min']
[u'1hr 41min'] [u'8hr 17min']
[u'1hr 40min'] [u'8hr 16min']
[u'1hr 39min'] [u'8hr 15min']
[u'1hr 38min'] [u'8hr 14min']
[u'1hr 37min'] [u'8hr 13min']
[u'1hr 36min'] [u'8hr 12min']
[u'1hr 35min'] [u'8hr 11min']
[u'1hr 34min'] [u'8hr 10min']
[u'1hr 33min'] [u'8hr 9min']
[u'1hr 32min'] [u'8hr 8min']
[u'1hr 31min'] [u'8hr 7min']
[u'1hr 30min'] [u'8hr 6min']
[u'1hr 29min'] [u'8hr 5min']
[u'1hr 28min'] [u'8hr 4min']
[u'1hr 27min'] [u'8hr 3min']
[u'1hr 26min'] [u'8hr 2min']
[u'1hr 25min'] [u'8hr 1min']
[u'1hr 24min'] [u'8hr 0min']
[u'1hr 23min'] [u'7hr 59min']
[u'1hr 22min'] [u'7hr 58min']
[u'1hr 21min'] [u'7hr 57min']
[u'1hr 20min'] [u'7hr 56min']
[u'1hr 19min'] [u'7hr 55min']
[u'1hr 18min'] [u'7hr 54min']
[u'1hr 17min'] [u'7hr 53min']
[u'1hr 16min'] [u'7hr 52min']
[u'1hr 15min'] [u'7hr 51min']
[u'1hr 14min'] [u'7hr 50min']
[u'1hr 13min'] [u'7hr 49min']
[u'1hr 12min'] [u'7hr 48min']
[u'1hr 11min'] [u'7hr 47min']
[u'1hr 10min'] [u'7hr 46min']
[u'1hr 9min'] [u'7hr 45min']
[u'1hr 8min'] [u'7hr 44min']
[u'1hr 7min'] [u'7hr 43min']
[u'1hr 6min'] [u'7hr 42min']
[u'1hr 5min'] [u'7hr 41min']
[u'1hr 4min'] [u'7hr 40min']
[u'1hr 3min'] [u'7hr 39min']
[u'1hr 2min'] [u'7hr 38min']
[u'1hr 1min'] [u'7hr 37min']
[u'1hr 0min'] [u'7hr 36min']
[u'59min'] [u'7hr 35min']
[u'58min'] [u'7hr 34min']
[u'57min'] [u'7hr 33min']
[u'56min'] [u'7hr 32min']
[u'55min'] [u'7hr 31min']
[u'54min'] [u'7hr 30min']
[u'53min'] [u'7hr 29min']
[u'52min'] [u'7hr 28min']
[u'51min'] [u'7hr 27min']
[u'50min'] [u'7hr 26min']
[u'49min'] [u'7hr 25min']
[u'48min'] [u'7hr 24min']
[u'47min'] [u'7hr 23min']
[u'46min'] [u'7hr 22min']
[u'45min'] [u'7hr 21min']
[u'44min'] [u'7hr 20min']
[u'43min'] [u'7hr 19min']
[u'42min'] [u'7hr 18min']
[u'41min'] [u'7hr 17min']
[u'40min'] [u'7hr 16min']
[u'39min'] [u'7hr 15min']
[u'38min'] [u'7hr 14min']
[u'37min'] [u'7hr 13min']
[u'36min'] [u'7hr 12min']
[u'35min'] [u'7hr 11min']
[u'34min'] [u'7hr 10min']
[u'33min'] [u'7hr 9min']
[u'32min'] [u'7hr 8min']
[u'31min'] [u'7hr 7min']
[u'30min'] [u'7hr 6min']
[u'29min'] [u'7hr 5min']
[u'28min'] [u'7hr 4min']
[u'27min'] [u'7hr 3min']
[u'26min'] [u'7hr 2min']
[u'25min'] [u'7hr 1min']
[u'24min'] [u'7hr 0min']
[u'23min'] [u'6hr 59min']
[u'22min'] [u'6hr 58min']
[u'21min'] [u'6hr 57min']
[u'20min'] [u'6hr 56min']
[u'19min'] [u'6hr 55min']
[u'18min'] [u'6hr 54min']
[u'17min'] [u'6hr 53min']
[u'16min'] [u'6hr 52min']
[u'15min'] [u'6hr 51min']
[u'14min'] [u'6hr 50min']
[u'13min'] [u'6hr 49min']
[u'12min'] [u'6hr 48min']
[u'11min'] [u'6hr 47min']
[u'10min'] [u'6hr 46min']
[u'9min'] [u'6hr 45min']
[u'8min'] [u'6hr 44min']
[u'7min'] [u'6hr 43min']
[u'6min'] [u'6hr 42min']
[u'5min'] [u'6hr 41min']
[u'4min'] [u'6hr 40min']
[u'3min'] [u'6hr 39min']
[u'2min'] [u'6hr 38min']
[u'1min'] [u'6hr 37min']
[u'0min'] [u'6hr 36min']
[u'12hr 22min'] [u'6hr 35min']
[u'12hr 21min'] [u'6hr 34min']
[u'12hr 20min'] [u'6hr 33min']
[u'12hr 19min'] [u'6hr 32min']
[u'12hr 18min'] [u'6hr 31min']
[u'12hr 17min'] [u'6hr 30min']
[u'12hr 16min'] [u'6hr 29min']
[u'12hr 15min'] [u'6hr 28min']
[u'12hr 14min'] [u'6hr 27min']
[u'12hr 13min'] [u'6hr 26min']
[u'12hr 12min'] [u'6hr 25min']
[u'12hr 11min'] [u'6hr 24min']
[u'12hr 10min'] [u'6hr 23min']
[u'12hr 9min'] [u'6hr 22min']
[u'12hr 8min'] [u'6hr 21min']
[u'12hr 7min'] [u'6hr 20min']
[u'12hr 6min'] [u'6hr 19min']
[u'12hr 5min'] [u'6hr 18min']
[u'12hr 4min'] [u'6hr 17min']
[u'12hr 3min'] [u'6hr 16min']
[u'12hr 2min'] [u'6hr 15min']
[u'12hr 1min'] [u'6hr 14min']
[u'12hr 0min'] [u'6hr 13min']
[u'11hr 59min'] [u'6hr 12min']
[u'11hr 58min'] [u'6hr 11min']
[u'11hr 57min'] [u'6hr 10min']
[u'11hr 56min'] [u'6hr 9min']
[u'11hr 55min'] [u'6hr 8min']
[u'11hr 54min'] [u'6hr 7min']
[u'11hr 53min'] [u'6hr 6min']
[u'11hr 52min'] [u'6hr 5min']
[u'11hr 51min'] [u'6hr 4min']
[u'11hr 50min'] [u'6hr 3min']
[u'11hr 49min'] [u'6hr 2min']
[u'11hr 48min'] [u'6hr 1min']
[u'11hr 47min'] [u'6hr 0min']
[u'11hr 46min'] [u'5hr 59min']
[u'11hr 45min'] [u'5hr 58min']
[u'11hr 44min'] [u'5hr 57min']
[u'11hr 43min'] [u'5hr 56min']
[u'11hr 42min'] [u'5hr 55min']
[u'11hr 41min'] [u'5hr 54min']
[u'11hr 40min'] [u'5hr 53min']
[u'11hr 39min'] [u'5hr 52min']
[u'11hr 38min'] [u'5hr 51min']
[u'11hr 37min'] [u'5hr 50min']
[u'11hr 36min'] [u'5hr 49min']
[u'11hr 35min'] [u'5hr 48min']
[u'11hr 34min'] [u'5hr 47min']
[u'11hr 33min'] [u'5hr 46min']
[u'11hr 32min'] [u'5hr 45min']
[u'11hr 31min'] [u'5hr 44min']
[u'11hr 30min'] [u'5hr 43min']
[u'11hr 29min'] [u'5hr 42min']
[u'11hr 28min'] [u'5hr 41min']
[u'11hr 27min'] [u'5hr 40min']
[u'11hr 26min'] [u'5hr 39min']
[u'11hr 25min'] [u'5hr 38min']
[u'11hr 24min'] [u'5hr 37min']
[u'11hr 23min'] [u'5hr 36min']
[u'11hr 22min'] [u'5hr 35min']
[u'11hr 21min'] [u'5hr 34min']
[u'11hr 20min'] [u'5hr 33min']
[u'11hr 19min'] [u'5hr 32min']
[u'11hr 18min'] [u'5hr 31min']
[u'11hr 17min'] [u'5hr 30min']
[u'11hr 16min'] [u'5hr 29min']
[u'11hr 15min'] [u'5hr 28min']
[u'11hr 14min'] [u'5hr 27min']
[u'11hr 13min'] [u'5hr 26min']
[u'11hr 12min'] [u'5hr 25min']
[u'11hr 11min'] [u'5hr 24min']
[u'11hr 10min'] [u'5hr 23min']
[u'11hr 9min'] [u'5hr 22min']
[u'11hr 8min'] [u'5hr 21min']
[u'11hr 7min'] [u'5hr 20min']
[u'11hr 6min'] [u'5hr 19min']
[u'11hr 5min'] [u'5hr 18min']
[u'11hr 4min'] [u'5hr 17min']
[u'11hr 3min'] [u'5hr 16min']
[u'11hr 2min'] [u'5hr 15min']
[u'11hr 1min'] [u'5hr 14min']
[u'11hr 0min'] [u'5hr 13min']
[u'10hr 59min'] [u'5hr 12min']
[u'10hr 58min'] [u'5hr 11min']
[u'10hr 57min'] [u'5hr 10min']
[u'10hr 56min'] [u'5hr 9min']
[u'10hr 55min'] [u'5hr 8min']
[u'10hr 54min'] [u'5hr 7min']
[u'10hr 53min'] [u'5hr 6min']
[u'10hr 52min'] [u'5hr 5min']
[u'10hr 51min'] [u'5hr 4min']
[u'10hr 50min'] [u'5hr 3min']
[u'10hr 49min'] [u'5hr 2min']
[u'10hr 48min'] [u'5hr 1min']
[u'10hr 47min'] [u'5hr 0min']
[u'10hr 46min'] [u'4hr 59min']
[u'10hr 45min'] [u'4hr 58min']
[u'10hr 44min'] [u'4hr 57min']
[u'10hr 43min'] [u'4hr 56min']
[u'10hr 42min'] [u'4hr 55min']
[u'10hr 41min'] [u'4hr 54min']
[u'10hr 40min'] [u'4hr 53min']
[u'10hr 39min'] [u'4hr 52min']
[u'10hr 38min'] [u'4hr 51min']
[u'10hr 37min'] [u'4hr 50min']
[u'10hr 36min'] [u'4hr 49min']
[u'10hr 35min'] [u'4hr 48min']
[u'10hr 34min'] [u'4hr 47min']
[u'10hr 33min'] [u'4hr 46min']
[u'10hr 32min'] [u'4hr 45min']
[u'10hr 31min'] [u'4hr 44min']
[u'10hr 30min'] [u'4hr 43min']
[u'10hr 29min'] [u'4hr 42min']
[u'10hr 28min'] [u'4hr 41min']
[u'10hr 27min'] [u'4hr 40min']
[u'10hr 26min'] [u'4hr 39min']
[u'10hr 25min'] [u'4hr 38min']
[u'10hr 24min'] [u'4hr 37min']
[u'10hr 23min'] [u'4hr 36min']
[u'10hr 22min'] [u'4hr 35min']
[u'10hr 21min'] [u'4hr 34min']
[u'10hr 20min'] [u'4hr 33min']
[u'10hr 19min'] [u'4hr 32min']
[u'10hr 18min'] [u'4hr 31min']
[u'10hr 17min'] [u'4hr 30min']
[u'10hr 16min'] [u'4hr 29min']
[u'10hr 15min'] [u'4hr 28min']
[u'10hr 14min'] [u'4hr 27min']
[u'10hr 13min'] [u'4hr 26min']
[u'10hr 12min'] [u'4hr 25min']
[u'10hr 11min'] [u'4hr 24min']
[u'10hr 10min'] [u'4hr 23min']
[u'10hr 9min'] [u'4hr 22min']
[u'10hr 8min'] [u'4hr 21min']
[u'10hr 7min'] [u'4hr 20min']
[u'10hr 6min'] [u'4hr 19min']
[u'10hr 5min'] [u'4hr 18min']
[u'10hr 4min'] [u'4hr 17min']
[u'10hr 3min'] [u'4hr 16min']
[u'10hr 2min'] [u'4hr 15min']
[u'10hr 1min'] [u'4hr 14min']
[u'10hr 0min'] [u'4hr 13min']
[u'9hr 59min'] [u'4hr 12min']
[u'9hr 58min'] [u'4hr 11min']
[u'9hr 57min'] [u'4hr 10min']
[u'9hr 56min'] [u'4hr 9min']
[u'9hr 55min'] [u'4hr 8min']
[u'9hr 54min'] [u'4hr 7min']
[u'9hr 53min'] [u'4hr 6min']
[u'9hr 52min'] [u'4hr 5min']
[u'9hr 51min'] [u'4hr 4min']
[u'9hr 50min'] [u'4hr 3min']
[u'9hr 49min'] [u'4hr 2min']
[u'9hr 48min'] [u'4hr 1min']
[u'9hr 47min'] [u'4hr 0min']
[u'9hr 46min'] [u'3hr 59min']
[u'9hr 45min'] [u'3hr 58min']
[u'9hr 44min'] [u'3hr 57min']
[u'9hr 43min'] [u'3hr 56min']
[u'9hr 42min'] [u'3hr 55min']
[u'9hr 41min'] [u'3hr 54min']
[u'9hr 40min'] [u'3hr 53min']
[u'9hr 39min'] [u'3hr 52min']
[u'9hr 38min'] [u'3hr 51min']
[u'9hr 37min'] [u'3hr 50min']
[u'9hr 36min'] [u'3hr 49min']
[u'9hr 35min'] [u'3hr 48min']
[u'9hr 34min'] [u'3hr 47min']
[u'9hr 33min'] [u'3hr 46min']
[u'9hr 32min'] [u'3hr 45min']
[u'9hr 31min'] [u'3hr 44min']
[u'9hr 30min'] [u'3hr 43min']
[u'9hr 29min'] [u'3hr 42min']
[u'9hr 28min'] [u'3hr 41min']
[u'9hr 27min'] [u'3hr 40min']
[u'9hr 26min'] [u'3hr 39min']
[u'9hr 25min'] [u'3hr 38min']
[u'9hr 24min'] [u'3hr 37min']
[u'9hr 23min'] [u'3hr 36min']
[u'9hr 22min'] [u'3hr 35min']
[u'9hr 21min'] [u'3hr 34min']
[u'9hr 20min'] [u'3hr 33min']
[u'9hr 19min'] [u'3hr 32min']
[u'9hr 18min'] [u'3hr 31min']
[u'9hr 17min'] [u'3hr 30min']
[u'9hr 16min'] [u'3hr 29min']
[u'9hr 15min'] [u'3hr 28min']
[u'9hr 14min'] [u'3hr 27min']
[u'9hr 13min'] [u'3hr 26min']
[u'9hr 12min'] [u'3hr 25min']
[u'9hr 11min'] [u'3hr 24min']
[u'9hr 10min'] [u'3hr 23min']
[u'9hr 9min'] [u'3hr 22min']
[u'9hr 8min'] [u'3hr 21min']
[u'9hr 7min'] [u'3hr 20min']
[u'9hr 6min'] [u'3hr 19min']
[u'9hr 5min'] [u'3hr 18min']
[u'9hr 4min'] [u'3hr 17min']
[u'9hr 3min'] [u'3hr 16min']
[u'9hr 2min'] [u'3hr 15min']
[u'9hr 1min'] [u'3hr 14min']
[u'9hr 0min'] [u'3hr 13min']
[u'8hr 59min'] [u'3hr 12min']
[u'8hr 58min'] [u'3hr 11min']
[u'8hr 57min'] [u'3hr 10min']
[u'8hr 56min'] [u'3hr 9min']
[u'8hr 55min'] [u'3hr 8min']
[u'8hr 54min'] [u'3hr 7min']
[u'8hr 53min'] [u'3hr 6min']
[u'8hr 52min'] [u'3hr 5min']
[u'8hr 51min'] [u'3hr 4min']
[u'8hr 50min'] [u'3hr 3min']
[u'8hr 49min'] [u'3hr 2min']
[u'8hr 48min'] [u'3hr 1min']
[u'8hr 47min'] [u'3hr 0min']
[u'8hr 46min'] [u'2hr 59min']
[u'8hr 45min'] [u'2hr 58min']
[u'8hr 44min'] [u'2hr 57min']
[u'8hr 43min'] [u'2hr 56min']
[u'8hr 42min'] [u'2hr 55min']
[u'8hr 41min'] [u'2hr 54min']
[u'8hr 40min'] [u'2hr 53min']
[u'8hr 39min'] [u'2hr 52min']
[u'8hr 38min'] [u'2hr 51min']
[u'8hr 37min'] [u'2hr 50min']
[u'8hr 36min'] [u'2hr 49min']
[u'8hr 35min'] [u'2hr 48min']
[u'8hr 34min'] [u'2hr 47min']
[u'8hr 33min'] [u'2hr 46min']
[u'8hr 32min'] [u'2hr 45min']
[u'8hr 31min'] [u'2hr 44min']
[u'8hr 30min'] [u'2hr 43min']
[u'8hr 29min'] [u'2hr 42min']
[u'8hr 28min'] [u'2hr 41min']
[u'8hr 27min'] [u'2hr 40min']
[u'8hr 26min'] [u'2hr 39min']
[u'8hr 25min'] [u'2hr 38min']
[u'8hr 24min'] [u'2hr 37min']
[u'8hr 23min'] [u'2hr 36min']
[u'8hr 22min'] [u'2hr 35min']
[u'8hr 21min'] [u'2hr 34min']
[u'8hr 20min'] [u'2hr 33min']
[u'8hr 19min'] [u'2hr 32min']
[u'8hr 18min'] [u'2hr 31min']
[u'8hr 17min'] [u'2hr 30min']
[u'8hr 16min'] [u'2hr 29min']
[u'8hr 15min'] [u'2hr 28min']
[u'8hr 14min'] [u'2hr 27min']
[u'8hr 13min'] [u'2hr 26min']
[u'8hr 12min'] [u'2hr 25min']
[u'8hr 11min'] [u'2hr 24min']
[u'8hr 10min'] [u'2hr 23min']
[u'8hr 9min'] [u'2hr 22min']
[u'8hr 8min'] [u'2hr 21min']
[u'8hr 7min'] [u'2hr 20min']
[u'8hr 6min'] [u'2hr 19min']
[u'8hr 5min'] [u'2hr 18min']
[u'8hr 4min'] [u'2hr 17min']
[u'8hr 3min'] [u'2hr 16min']
[u'8hr 2min'] [u'2hr 15min']
[u'8hr 1min'] [u'2hr 14min']
[u'8hr 0min'] [u'2hr 13min']
[u'7hr 59min'] [u'2hr 12min']
[u'7hr 58min'] [u'2hr 11min']
[u'7hr 57min'] [u'2hr 10min']
[u'7hr 56min'] [u'2hr 9min']
[u'7hr 55min'] [u'2hr 8min']
[u'7hr 54min'] [u'2hr 7min']
[u'7hr 53min'] [u'2hr 6min']
[u'7hr 52min'] [u'2hr 5min']
[u'7hr 51min'] [u'2hr 4min']
[u'7hr 50min'] [u'2hr 3min']
[u'7hr 49min'] [u'2hr 2min']
[u'7hr 48min'] [u'2hr 1min']
[u'7hr 47min'] [u'2hr 0min']
[u'7hr 46min'] [u'1hr 59min']
[u'7hr 45min'] [u'1hr 58min']
[u'7hr 44min'] [u'1hr 57min']
[u'7hr 43min'] [u'1hr 56min']
[u'7hr 42min'] [u'1hr 55min']
[u'7hr 41min'] [u'1hr 54min']
[u'7hr 40min'] [u'1hr 53min']
[u'7hr 39min'] [u'1hr 52min']
[u'7hr 38min'] [u'1hr 51min']
[u'7hr 37min'] [u'1hr 50min']
[u'7hr 36min'] [u'1hr 49min']
[u'7hr 35min'] [u'1hr 48min']
[u'7hr 34min'] [u'1hr 47min']
[u'7hr 33min'] [u'1hr 46min']
[u'7hr 32min'] [u'1hr 45min']
[u'7hr 31min'] [u'1hr 44min']
[u'7hr 30min'] [u'1hr 43min']
[u'7hr 29min'] [u'1hr 42min']
[u'7hr 28min'] [u'1hr 41min']
[u'7hr 27min'] [u'1hr 40min']
[u'7hr 26min'] [u'1hr 39min']
[u'7hr 25min'] [u'1hr 38min']
[u'7hr 24min'] [u'1hr 37min']
[u'7hr 23min'] [u'1hr 36min']
[u'7hr 22min'] [u'1hr 35min']
[u'7hr 21min'] [u'1hr 34min']
[u'7hr 20min'] [u'1hr 33min']
[u'7hr 19min'] [u'1hr 32min']
[u'7hr 18min'] [u'1hr 31min']
[u'7hr 17min'] [u'1hr 30min']
[u'7hr 16min'] [u'1hr 29min']
[u'7hr 15min'] [u'1hr 28min']
[u'7hr 14min'] [u'1hr 27min']
[u'7hr 13min'] [u'1hr 26min']
[u'7hr 12min'] [u'1hr 25min']
[u'7hr 11min'] [u'1hr 24min']
[u'7hr 10min'] [u'1hr 23min']
[u'7hr 9min'] [u'1hr 22min']
[u'7hr 8min'] [u'1hr 21min']
[u'7hr 7min'] [u'1hr 20min']
[u'7hr 6min'] [u'1hr 19min']
[u'7hr 5min'] [u'1hr 18min']
[u'7hr 4min'] [u'1hr 17min']
[u'7hr 3min'] [u'1hr 16min']
[u'7hr 2min'] [u'1hr 15min']
[u'7hr 1min'] [u'1hr 14min']
[u'7hr 0min'] [u'1hr 13min']
[u'6hr 59min'] [u'1hr 12min']
[u'6hr 58min'] [u'1hr 11min']
[u'6hr 57min'] [u'1hr 10min']
[u'6hr 56min'] [u'1hr 9min']
[u'6hr 55min'] [u'1hr 8min']
[u'6hr 54min'] [u'1hr 7min']
[u'6hr 53min'] [u'1hr 6min']
[u'6hr 52min'] [u'1hr 5min']
[u'6hr 51min'] [u'1hr 4min']
[u'6hr 50min'] [u'1hr 3min']
[u'6hr 49min'] [u'1hr 2min']
[u'6hr 48min'] [u'1hr 1min']
[u'6hr 47min'] [u'1hr 0min']
[u'6hr 46min'] [u'59min']
[u'6hr 45min'] [u'58min']
[u'6hr 44min'] [u'57min']
[u'6hr 43min'] [u'56min']
[u'6hr 42min'] [u'55min']
[u'6hr 41min'] [u'54min']
[u'6hr 40min'] [u'53min']
[u'6hr 39min'] [u'52min']
[u'6hr 38min'] [u'51min']
[u'6hr 37min'] [u'50min']
[u'6hr 36min'] [u'49min']
[u'6hr 35min'] [u'48min']
[u'6hr 34min'] [u'47min']
[u'6hr 33min'] [u'46min']
[u'6hr 32min'] [u'45min']
[u'6hr 31min'] [u'44min']
[u'6hr 30min'] [u'43min']
[u'6hr 29min'] [u'42min']
[u'6hr 28min'] [u'41min']
[u'6hr 27min'] [u'40min']
[u'6hr 26min'] [u'39min']
[u'6hr 25min'] [u'38min']
[u'6hr 24min'] [u'37min']
[u'6hr 23min'] [u'36min']
[u'6hr 22min'] [u'35min']
[u'6hr 21min'] [u'34min']
[u'6hr 20min'] [u'33min']
[u'6hr 19min'] [u'32min']
[u'6hr 18min'] [u'31min']
[u'6hr 17min'] [u'30min']
[u'6hr 16min'] [u'29min']
[u'6hr 15min'] [u'28min']
[u'6hr 14min'] [u'27min']
[u'6hr 13min'] [u'26min']
[u'6hr 12min'] [u'25min']
[u'6hr 11min'] [u'24min']
[u'6hr 10min'] [u'23min']
[u'6hr 9min'] [u'22min']
[u'6hr 8min'] [u'21min']
[u'6hr 7min'] [u'20min']
[u'6hr 6min'] [u'19min']
[u'6hr 5min'] [u'18min']
[u'6hr 4min'] [u'17min']
[u'6hr 3min'] [u'16min']
[u'6hr 2min'] [u'15min']
[u'6hr 1min'] [u'14min']
[u'6hr 0min'] [u'13min']
[u'5hr 59min'] [u'12min']
[u'5hr 58min'] [u'11min']
[u'5hr 57min'] [u'10min']
[u'5hr 56min'] [u'9min']
[u'5hr 55min'] [u'8min']
[u'5hr 54min'] [u'7min']
[u'5hr 53min'] [u'6min']
[u'5hr 52min'] [u'5min']
[u'5hr 51min'] [u'4min']
[u'5hr 50min'] [u'3min']
[u'5hr 49min'] [u'2min']
[u'5hr 48min'] [u'1min']
[u'5hr 47min'] [u'0min']
[u'5hr 46min'] [u'12hr 19min']
[u'5hr 45min'] [u'12hr 18min']
[u'5hr 44min'] [u'12hr 17min']
[u'5hr 43min'] [u'12hr 16min']
[u'5hr 42min'] [u'12hr 15min']
[u'5hr 41min'] [u'12hr 14min']
[u'5hr 40min'] [u'12hr 13min']
[u'5hr 39min'] [u'12hr 12min']
[u'5hr 38min'] [u'12hr 11min']
[u'5hr 37min'] [u'12hr 10min']
[u'5hr 36min'] [u'12hr 9min']
[u'5hr 35min'] [u'12hr 8min']
[u'5hr 34min'] [u'12hr 7min']
[u'5hr 33min'] [u'12hr 6min']
[u'5hr 32min'] [u'12hr 5min']
[u'5hr 31min'] [u'12hr 4min']
[u'5hr 30min'] [u'12hr 3min']
[u'5hr 29min'] [u'12hr 2min']
[u'5hr 28min'] [u'12hr 1min']
[u'5hr 27min'] [u'12hr 0min']
[u'5hr 26min'] [u'11hr 59min']
[u'5hr 25min'] [u'11hr 58min']
[u'5hr 24min'] [u'11hr 57min']
[u'5hr 23min'] [u'11hr 56min']
[u'5hr 22min'] [u'11hr 55min']
[u'5hr 21min'] [u'11hr 54min']
[u'5hr 20min'] [u'11hr 53min']
[u'5hr 19min'] [u'11hr 52min']
[u'5hr 18min'] [u'11hr 51min']
[u'5hr 17min'] [u'11hr 50min']
[u'5hr 16min'] [u'11hr 49min']
[u'5hr 15min'] [u'11hr 48min']
[u'5hr 14min'] [u'11hr 47min']
[u'5hr 13min'] [u'11hr 46min']
[u'5hr 12min'] [u'11hr 45min']
[u'5hr 11min'] [u'11hr 44min']
[u'5hr 10min'] [u'11hr 43min']
[u'5hr 9min'] [u'11hr 42min']
[u'5hr 8min'] [u'11hr 41min']
[u'5hr 7min'] [u'11hr 40min']
[u'5hr 6min'] [u'11hr 39min']
[u'5hr 5min'] [u'11hr 38min']
[u'5hr 4min'] [u'11hr 37min']
[u'5hr 3min'] [u'11hr 36min']
[u'5hr 2min'] [u'11hr 35min']
[u'5hr 1min'] [u'11hr 34min']
[u'5hr 0min'] [u'11hr 33min']
[u'4hr 59min'] [u'11hr 32min']
[u'4hr 58min'] [u'11hr 31min']
[u'4hr 57min'] [u'11hr 30min']
[u'4hr 56min'] [u'11hr 29min']
[u'4hr 55min'] [u'11hr 28min']
[u'4hr 54min'] [u'11hr 27min']
[u'4hr 53min'] [u'11hr 26min']
[u'4hr 52min'] [u'11hr 25min']
[u'4hr 51min'] [u'11hr 24min']
[u'4hr 50min'] [u'11hr 23min']
[u'4hr 49min'] [u'11hr 22min']
[u'4hr 48min'] [u'11hr 21min']
[u'4hr 47min'] [u'11hr 20min']
[u'4hr 46min'] [u'11hr 19min']
[u'4hr 45min'] [u'11hr 18min']
[u'4hr 44min'] [u'11hr 17min']
[u'4hr 43min'] [u'11hr 16min']
[u'4hr 42min'] [u'11hr 15min']
[u'4hr 41min'] [u'11hr 14min']
[u'4hr 40min'] [u'11hr 13min']
[u'4hr 39min'] [u'11hr 12min']
[u'4hr 38min'] [u'11hr 11min']
[u'4hr 37min'] [u'11hr 10min']
[u'4hr 36min'] [u'11hr 9min']
[u'4hr 35min'] [u'11hr 8min']
[u'4hr 34min'] [u'11hr 7min']
[u'4hr 33min'] [u'11hr 6min']
[u'4hr 32min'] [u'11hr 5min']
[u'4hr 31min'] [u'11hr 4min']
[u'4hr 30min'] [u'11hr 3min']
[u'4hr 29min'] [u'11hr 2min']
[u'4hr 28min'] [u'11hr 1min']
[u'4hr 27min'] [u'11hr 0min']
[u'4hr 26min'] [u'10hr 59min']
[u'4hr 25min'] [u'10hr 58min']
[u'4hr 24min'] [u'10hr 57min']
[u'4hr 23min'] [u'10hr 56min']
[u'4hr 22min'] [u'10hr 55min']
[u'4hr 21min'] [u'10hr 54min']
[u'4hr 20min'] [u'10hr 53min']
[u'4hr 19min'] [u'10hr 52min']
[u'4hr 18min'] [u'10hr 51min']
[u'4hr 17min'] [u'10hr 50min']
[u'4hr 16min'] [u'10hr 49min']
[u'4hr 15min'] [u'10hr 48min']
[u'4hr 14min'] [u'10hr 47min']
[u'4hr 13min'] [u'10hr 46min']
[u'4hr 12min'] [u'10hr 45min']
[u'4hr 11min'] [u'10hr 44min']
[u'4hr 10min'] [u'10hr 43min']
[u'4hr 9min'] [u'10hr 42min']
[u'4hr 8min'] [u'10hr 41min']
[u'4hr 7min'] [u'10hr 40min']
[u'4hr 6min'] [u'10hr 39min']
[u'4hr 5min'] [u'10hr 38min']
[u'4hr 4min'] [u'10hr 37min']
[u'4hr 3min'] [u'10hr 36min']
[u'4hr 2min'] [u'10hr 35min']
[u'4hr 1min'] [u'10hr 34min']
[u'4hr 0min'] [u'10hr 33min']
[u'3hr 59min'] [u'10hr 32min']
[u'3hr 58min'] [u'10hr 31min']
[u'3hr 57min'] [u'10hr 30min']
[u'3hr 56min'] [u'10hr 29min']
[u'3hr 55min'] [u'10hr 28min']
[u'3hr 54min'] [u'10hr 27min']
[u'3hr 53min'] [u'10hr 26min']
[u'3hr 52min'] [u'10hr 25min']
[u'3hr 51min'] [u'10hr 24min']
[u'3hr 50min'] [u'10hr 23min']
[u'3hr 49min'] [u'10hr 22min']
[u'3hr 48min'] [u'10hr 21min']
[u'3hr 47min'] [u'10hr 20min']
[u'3hr 46min'] [u'10hr 19min']
[u'3hr 45min'] [u'10hr 18min']
[u'3hr 44min'] [u'10hr 17min']
[u'3hr 43min'] [u'10hr 16min']
[u'3hr 42min'] [u'10hr 15min']
[u'3hr 41min'] [u'10hr 14min']
[u'3hr 40min'] [u'10hr 13min']
[u'3hr 39min'] [u'10hr 12min']
[u'3hr 38min'] [u'10hr 11min']
[u'3hr 37min'] [u'10hr 10min']
[u'3hr 36min'] [u'10hr 9min']
[u'3hr 35min'] [u'10hr 8min']
[u'3hr 34min'] [u'10hr 7min']
[u'3hr 33min'] [u'10hr 6min']
[u'3hr 32min'] [u'10hr 5min']
[u'3hr 31min'] [u'10hr 4min']
[u'3hr 30min'] [u'10hr 3min']
[u'3hr 29min'] [u'10hr 2min']
[u'3hr 28min'] [u'10hr 1min']
[u'3hr 27min'] [u'10hr 0min']
[u'3hr 26min'] [u'9hr 59min']
[u'3hr 25min'] [u'9hr 58min']
[u'3hr 24min'] [u'9hr 57min']
[u'3hr 23min'] [u'9hr 56min']
[u'3hr 22min'] [u'9hr 55min']
[u'3hr 21min'] [u'9hr 54min']
[u'3hr 20min'] [u'9hr 53min']
[u'3hr 19min'] [u'9hr 52min']
[u'3hr 18min'] [u'9hr 51min']
[u'3hr 17min'] [u'9hr 50min']
[u'3hr 16min'] [u'9hr 49min']
[u'3hr 15min'] [u'9hr 48min']
[u'3hr 14min'] [u'9hr 47min']
[u'3hr 13min'] [u'9hr 46min']
[u'3hr 12min'] [u'9hr 45min']
[u'3hr 11min'] [u'9hr 44min']
[u'3hr 10min'] [u'9hr 43min']
[u'3hr 9min'] [u'9hr 42min']
[u'3hr 8min'] [u'9hr 41min']
[u'3hr 7min'] [u'9hr 40min']
[u'3hr 6min'] [u'9hr 39min']
[u'3hr 5min'] [u'9hr 38min']
[u'3hr 4min'] [u'9hr 37min']
[u'3hr 3min'] [u'9hr 36min']
[u'3hr 2min'] [u'9hr 35min']
[u'3hr 1min'] [u'9hr 34min']
[u'3hr 0min'] [u'9hr 33min']
[u'2hr 59min'] [u'9hr 32min']
[u'2hr 58min'] [u'9hr 31min']
[u'2hr 57min'] [u'9hr 30min']
[u'2hr 56min'] [u'9hr 29min']
[u'2hr 55min'] [u'9hr 28min']
[u'2hr 54min'] [u'9hr 27min']
[u'2hr 53min'] [u'9hr 26min']
[u'2hr 52min'] [u'9hr 25min']
[u'2hr 51min'] [u'9hr 24min']
[u'2hr 50min'] [u'9hr 23min']
[u'2hr 49min'] [u'9hr 22min']
[u'2hr 48min'] [u'9hr 21min']
[u'2hr 47min'] [u'9hr 20min']
[u'2hr 46min'] [u'9hr 19min']
[u'2hr 45min'] [u'9hr 18min']
[u'2hr 44min'] [u'9hr 17min']
[u'2hr 43min'] [u'9hr 16min']
[u'2hr 42min'] [u'9hr 15min']
[u'2hr 41min'] [u'9hr 14min']
[u'2hr 40min'] [u'9hr 13min']
[u'2hr 39min'] [u'9hr 12min']
[u'2hr 38min'] [u'9hr 11min']
[u'2hr 37min'] [u'9hr 10min']
[u'2hr 36min'] [u'9hr 9min']
[u'2hr 35min'] [u'9hr 8min']
[u'2hr 34min'] [u'9hr 7min']
[u'2hr 33min'] [u'9hr 6min']
[u'2hr 32min'] [u'9hr 5min']
[u'2hr 31min'] [u'9hr 4min']
[u'2hr 30min'] [u'9hr 3min']
[u'2hr 29min'] [u'9hr 2min']
[u'2hr 28min'] [u'9hr 1min']
[u'2hr 27min'] [u'9hr 0min']
[u'2hr 26min'] [u'8hr 59min']
[u'2hr 25min'] [u'8hr 58min']
[u'2hr 24min'] [u'8hr 57min']
[u'2hr 23min'] [u'8hr 56min']
[u'2hr 22min'] [u'8hr 55min']
[u'2hr 21min'] [u'8hr 54min']
[u'2hr 20min'] [u'8hr 53min']
[u'2hr 19min'] [u'8hr 52min']
[u'2hr 18min'] [u'8hr 51min']
[u'2hr 17min'] [u'8hr 50min']
[u'2hr 16min'] [u'8hr 49min']
[u'2hr 15min'] [u'8hr 48min']
[u'2hr 14min'] [u'8hr 47min']
[u'2hr 13min'] [u'8hr 46min']
[u'2hr 12min'] [u'8hr 45min']
[u'2hr 11min'] [u'8hr 44min']
[u'2hr 10min'] [u'8hr 43min']
[u'2hr 9min'] [u'8hr 42min']
[u'2hr 8min'] [u'8hr 41min']
[u'2hr 7min'] [u'8hr 40min']
[u'2hr 6min'] [u'8hr 39min']
[u'2hr 5min'] [u'8hr 38min']
[u'2hr 4min'] [u'8hr 37min']
[u'2hr 3min'] [u'8hr 36min']
[u'2hr 2min'] [u'8hr 35min']
[u'2hr 1min'] [u'8hr 34min']
[u'2hr 0min'] [u'8hr 33min']
[u'1hr 59min'] [u'8hr 32min']
[u'1hr 58min'] [u'8hr 31min']
[u'1hr 57min'] [u'8hr 30min']
[u'1hr 56min'] [u'8hr 29min']
[u'1hr 55min'] [u'8hr 28min']
[u'1hr 54min'] [u'8hr 27min']
[u'1hr 53min'] [u'8hr 26min']
[u'1hr 52min'] [u'8hr 25min']
[u'1hr 51min'] [u'8hr 24min']
[u'1hr 50min'] [u'8hr 23min']
[u'1hr 49min'] [u'8hr 22min']
[u'1hr 48min'] [u'8hr 21min']
[u'1hr 47min'] [u'8hr 20min']
[u'1hr 46min'] [u'8hr 19min']
[u'1hr 45min'] [u'8hr 18min']
[u'1hr 44min'] [u'8hr 17min']
[u'1hr 43min'] [u'8hr 16min']
[u'1hr 42min'] [u'8hr 15min']
[u'1hr 41min'] [u'8hr 14min']
[u'1hr 40min'] [u'8hr 13min']
[u'1hr 39min'] [u'8hr 12min']
[u'1hr 38min'] [u'8hr 11min']
[u'1hr 37min'] [u'8hr 10min']
[u'1hr 36min'] [u'8hr 9min']
[u'1hr 35min'] [u'8hr 8min']
[u'1hr 34min'] [u'8hr 7min']
[u'1hr 33min'] [u'8hr 6min']
[u'1hr 32min'] [u'8hr 5min']
[u'1hr 31min'] [u'8hr 4min']
[u'1hr 30min'] [u'8hr 3min']
[u'1hr 29min'] [u'8hr 2min']
[u'1hr 28min'] [u'8hr 1min']
[u'1hr 27min'] [u'8hr 0min']
[u'1hr 26min'] [u'7hr 59min']
[u'1hr 25min'] [u'7hr 58min']
[u'1hr 24min'] [u'7hr 57min']
[u'1hr 23min'] [u'7hr 56min']
[u'1hr 22min'] [u'7hr 55min']
[u'1hr 21min'] [u'7hr 54min']
[u'1hr 20min'] [u'7hr 53min']
[u'1hr 19min'] [u'7hr 52min']
[u'1hr 18min'] [u'7hr 51min']
[u'1hr 17min'] [u'7hr 50min']
[u'1hr 16min'] [u'7hr 49min']
[u'1hr 15min'] [u'7hr 48min']
[u'1hr 14min'] [u'7hr 47min']
[u'1hr 13min'] [u'7hr 46min']
[u'1hr 12min'] [u'7hr 45min']
[u'1hr 11min'] [u'7hr 44min']
[u'1hr 10min'] [u'7hr 43min']
[u'1hr 9min'] [u'7hr 42min']
[u'1hr 8min'] [u'7hr 41min']
[u'1hr 7min'] [u'7hr 40min']
[u'1hr 6min'] [u'7hr 39min']
[u'1hr 5min'] [u'7hr 38min']
[u'1hr 4min'] [u'7hr 37min']
[u'1hr 3min'] [u'7hr 36min']
[u'1hr 2min'] [u'7hr 35min']
[u'1hr 1min'] [u'7hr 34min']
[u'1hr 0min'] [u'7hr 33min']
[u'59min'] [u'7hr 32min']
[u'58min'] [u'7hr 31min']
[u'57min'] [u'7hr 30min']
[u'56min'] [u'7hr 29min']
[u'55min'] [u'7hr 28min']
[u'54min'] [u'7hr 27min']
[u'53min'] [u'7hr 26min']
[u'52min'] [u'7hr 25min']
[u'51min'] [u'7hr 24min']
[u'50min'] [u'7hr 23min']
[u'49min'] [u'7hr 22min']
[u'48min'] [u'7hr 21min']
[u'47min'] [u'7hr 20min']
[u'46min'] [u'7hr 19min']
[u'45min'] [u'7hr 18min']
[u'44min'] [u'7hr 17min']
[u'43min'] [u'7hr 16min']
[u'42min'] [u'7hr 15min']
[u'41min'] [u'7hr 14min']
[u'40min'] [u'7hr 13min']
[u'39min'] [u'7hr 12min']
[u'38min'] [u'7hr 11min']
[u'37min'] [u'7hr 10min']
[u'36min'] [u'7hr 9min']
[u'35min'] [u'7hr 8min']
[u'34min'] [u'7hr 7min']
[u'33min'] [u'7hr 6min']
[u'32min'] [u'7hr 5min']
[u'31min'] [u'7hr 4min']
[u'30min'] [u'7hr 3min']
[u'29min'] [u'7hr 2min']
[u'28min'] [u'7hr 1min']
[u'27min'] [u'7hr 0min']
[u'26min'] [u'6hr 59min']
[u'25min'] [u'6hr 58min']
[u'24min'] [u'6hr 57min']
[u'23min'] [u'6hr 56min']
[u'22min'] [u'6hr 55min']
[u'21min'] [u'6hr 54min']
[u'20min'] [u'6hr 53min']
[u'19min'] [u'6hr 52min']
[u'18min'] [u'6hr 51min']
[u'17min'] [u'6hr 50min']
[u'16min'] [u'6hr 49min']
[u'15min'] [u'6hr 48min']
[u'14min'] [u'6hr 47min']
[u'13min'] [u'6hr 46min']
[u'12min'] [u'6hr 45min']
[u'11min'] [u'6hr 44min']
[u'10min'] [u'6hr 43min']
[u'9min'] [u'6hr 42min']
[u'8min'] [u'6hr 41min']
[u'7min'] [u'6hr 40min']
[u'6min'] [u'6hr 39min']
[u'5min'] [u'6hr 38min']
[u'4min'] [u'6hr 37min']
[u'3min'] [u'6hr 36min']
[u'2min'] [u'6hr 35min']
[u'1min'] [u'6hr 34min']
[u'0min'] [u'6hr 33min']
[u'12hr 22min'] [u'6hr 32min']
[u'12hr 21min'] [u'6hr 31min']
[u'12hr 20min'] [u'6hr 30min']
[u'12hr 19min'] [u'6hr 29min']
[u'12hr 18min'] [u'6hr 28min']
[u'12hr 17min'] [u'6hr 27min']
[u'12hr 16min'] [u'6hr 26min']
[u'12hr 15min'] [u'6hr 25min']
[u'12hr 14min'] [u'6hr 24min']
[u'12hr 13min'] [u'6hr 23min']
[u'12hr 12min'] [u'6hr 22min']
[u'12hr 11min'] [u'6hr 21min']
[u'12hr 10min'] [u'6hr 20min']
[u'12hr 9min'] [u'6hr 19min']
[u'12hr 8min'] [u'6hr 18min']
[u'12hr 7min'] [u'6hr 17min']
[u'12hr 6min'] [u'6hr 16min']
[u'12hr 5min'] [u'6hr 15min']
[u'12hr 4min'] [u'6hr 14min']
[u'12hr 3min'] [u'6hr 13min']
[u'12hr 2min'] [u'6hr 12min']
[u'12hr 1min'] [u'6hr 11min']
[u'12hr 0min'] [u'6hr 10min']
[u'11hr 59min'] [u'6hr 9min']
[u'11hr 58min'] [u'6hr 8min']
[u'11hr 57min'] [u'6hr 7min']
[u'11hr 56min'] [u'6hr 6min']
[u'11hr 55min'] [u'6hr 5min']
[u'11hr 54min'] [u'6hr 4min']
[u'11hr 53min'] [u'6hr 3min']
[u'11hr 52min'] [u'6hr 2min']
[u'11hr 51min'] [u'6hr 1min']
[u'11hr 50min'] [u'6hr 0min']
[u'11hr 49min'] [u'5hr 59min']
[u'11hr 48min'] [u'5hr 58min']
[u'11hr 47min'] [u'5hr 57min']
[u'11hr 46min'] [u'5hr 56min']
[u'11hr 45min'] [u'5hr 55min']
[u'11hr 44min'] [u'5hr 54min']
[u'11hr 43min'] [u'5hr 53min']
[u'11hr 42min'] [u'5hr 52min']
[u'11hr 41min'] [u'5hr 51min']
[u'11hr 40min'] [u'5hr 50min']
[u'11hr 39min'] [u'5hr 49min']
[u'11hr 38min'] [u'5hr 48min']
[u'11hr 37min'] [u'5hr 47min']
[u'11hr 36min'] [u'5hr 46min']
[u'11hr 35min'] [u'5hr 45min']
[u'11hr 34min'] [u'5hr 44min']
[u'11hr 33min'] [u'5hr 43min']
[u'11hr 32min'] [u'5hr 42min']
[u'11hr 31min'] [u'5hr 41min']
[u'11hr 30min'] [u'5hr 40min']
[u'11hr 29min'] [u'5hr 39min']
[u'11hr 28min'] [u'5hr 38min']
[u'11hr 27min'] [u'5hr 37min']
[u'11hr 26min'] [u'5hr 36min']
[u'11hr 25min'] [u'5hr 35min']
[u'11hr 24min'] [u'5hr 34min']
[u'11hr 23min'] [u'5hr 33min']
[u'11hr 22min'] [u'5hr 32min']
[u'11hr 21min'] [u'5hr 31min']
[u'11hr 20min'] [u'5hr 30min']
[u'11hr 19min'] [u'5hr 29min']
[u'11hr 18min'] [u'5hr 28min']
[u'11hr 17min'] [u'5hr 27min']
[u'11hr 16min'] [u'5hr 26min']
[u'11hr 15min'] [u'5hr 25min']
[u'11hr 14min'] [u'5hr 24min']
[u'11hr 13min'] [u'5hr 23min']
[u'11hr 12min'] [u'5hr 22min']
[u'11hr 11min'] [u'5hr 21min']
[u'11hr 10min'] [u'5hr 20min']
[u'11hr 9min'] [u'5hr 19min']
[u'11hr 8min'] [u'5hr 18min']
[u'11hr 7min'] [u'5hr 17min']
[u'11hr 6min'] [u'5hr 16min']
[u'11hr 5min'] [u'5hr 15min']
[u'11hr 4min'] [u'5hr 14min']
[u'11hr 3min'] [u'5hr 13min']
[u'11hr 2min'] [u'5hr 12min']
[u'11hr 1min'] [u'5hr 11min']
[u'11hr 0min'] [u'5hr 10min']
[u'10hr 59min'] [u'5hr 9min']
[u'10hr 58min'] [u'5hr 8min']
[u'10hr 57min'] [u'5hr 7min']
[u'10hr 56min'] [u'5hr 6min']
[u'10hr 55min'] [u'5hr 5min']
[u'10hr 54min'] [u'5hr 4min']
[u'10hr 53min'] [u'5hr 3min']
[u'10hr 52min'] [u'5hr 2min']
[u'10hr 51min'] [u'5hr 1min']
[u'10hr 50min'] [u'5hr 0min']
[u'10hr 49min'] [u'4hr 59min']
[u'10hr 48min'] [u'4hr 58min']
[u'10hr 47min'] [u'4hr 57min']
[u'10hr 46min'] [u'4hr 56min']
[u'10hr 45min'] [u'4hr 55min']
[u'10hr 44min'] [u'4hr 54min']
[u'10hr 43min'] [u'4hr 53min']
[u'10hr 42min'] [u'4hr 52min']
[u'10hr 41min'] [u'4hr 51min']
